2018-08-19 22:57:31,334 ERROR 62245 [-/127.0.0.1/-/16ms GET /news] nodejs.RequestError: getaddrinfo ENOTFOUND undefined undefined:80, GET http://undefined/topstories.json -1 (connected: false, keepalive socket: false, agent status: {"createSocketCount":1,"createSocketErrorCount":0,"closeSocketCount":0,"errorSocketCount":0,"timeoutSocketCount":0,"requestCount":0,"freeSockets":{},"sockets":{"undefined:80:":1},"requests":{}}, socketHandledRequests: 1, socketHandledResponses: 0)
headers: {} (undefined)
    at GetAddrInfoReqWrap.onlookup [as oncomplete] (dns.js:57:26)
errno: "ENOTFOUND"
code: "ENOTFOUND"
syscall: "getaddrinfo"
hostname: "undefined"
host: "undefined"
port: 80
name: "RequestError"
data: undefined
path: "/topstories.json?orderBy=%22%24key%22&startAt=%220%22&endAt=%224%22"
status: -1
headers: {}
res: {"status":-1,"statusCode":-1,"headers":{},"size":0,"aborted":false,"rt":8,"keepAliveSocket":false,"requestUrls":["http://undefined/topstories.json"],"timing":null,"remoteAddress":"","remotePort":"","socketHandledRequests":1,"socketHandledResponses":0}
pid: 62245
hostname: zhuxydeMacBook-Pro.local

2018-08-19 22:58:48,303 ERROR 62269 [-/undefined/-/5027ms GET /news] nodejs.ConnectionTimeoutError: Connect timeout for 5000ms, GET https://hacker-news.firebaseio.com/v0/topstories.json -2 (connected: false, keepalive socket: false, agent status: {"createSocketCount":2,"createSocketErrorCount":0,"closeSocketCount":1,"errorSocketCount":0,"timeoutSocketCount":0,"requestCount":0,"freeSockets":{},"sockets":{"hacker-news.firebaseio.com:443::::::::::::::::":1},"requests":{}}, socketHandledRequests: 1, socketHandledResponses: 0)
headers: {}
headers: {}
    at Timeout._onTimeout (/Users/zhuxy/workspace/egg-example/node_modules/urllib/lib/urllib.js:818:15)
    at ontimeout (timers.js:424:11)
    at tryOnTimeout (timers.js:288:5)
    at listOnTimeout (timers.js:251:5)
    at Timer.processTimers (timers.js:211:10)
name: "ConnectionTimeoutError"
requestId: 1
data: undefined
path: "/v0/topstories.json?orderBy=%22%24key%22&startAt=%220%22&endAt=%224%22"
status: -2
headers: {}
res: {"status":-2,"statusCode":-2,"headers":{},"size":0,"aborted":false,"rt":5018,"keepAliveSocket":false,"requestUrls":["https://hacker-news.firebaseio.com/v0/topstories.json"],"timing":null,"remoteAddress":"35.201.97.85","remotePort":"","socketHandledRequests":1,"socketHandledResponses":0}
headerSent: true
pid: 62269
hostname: zhuxydeMacBook-Pro.local

2018-08-19 22:58:49,556 ERROR 62269 [-/127.0.0.1/-/5003ms GET /news] nodejs.ConnectionTimeoutError: Connect timeout for 5000ms, GET https://hacker-news.firebaseio.com/v0/topstories.json -2 (connected: false, keepalive socket: false, agent status: {"createSocketCount":2,"createSocketErrorCount":0,"closeSocketCount":2,"errorSocketCount":0,"timeoutSocketCount":0,"requestCount":0,"freeSockets":{},"sockets":{},"requests":{}}, socketHandledRequests: 1, socketHandledResponses: 0)
headers: {}
headers: {}
    at Timeout._onTimeout (/Users/zhuxy/workspace/egg-example/node_modules/urllib/lib/urllib.js:818:15)
    at ontimeout (timers.js:424:11)
    at tryOnTimeout (timers.js:288:5)
    at listOnTimeout (timers.js:251:5)
    at Timer.processTimers (timers.js:211:10)
name: "ConnectionTimeoutError"
requestId: 2
data: undefined
path: "/v0/topstories.json?orderBy=%22%24key%22&startAt=%220%22&endAt=%224%22"
status: -2
headers: {}
res: {"status":-2,"statusCode":-2,"headers":{},"size":0,"aborted":false,"rt":5003,"keepAliveSocket":false,"requestUrls":["https://hacker-news.firebaseio.com/v0/topstories.json"],"timing":null,"remoteAddress":"35.201.97.85","remotePort":"","socketHandledRequests":1,"socketHandledResponses":0}
pid: 62269
hostname: zhuxydeMacBook-Pro.local

2018-08-19 23:00:23,960 ERROR 62269 [-/127.0.0.1/-/5004ms GET /news] nodejs.ConnectionTimeoutError: Connect timeout for 5000ms, GET https://hacker-news.firebaseio.com/v0/topstories.json -2 (connected: false, keepalive socket: false, agent status: {"createSocketCount":3,"createSocketErrorCount":0,"closeSocketCount":3,"errorSocketCount":0,"timeoutSocketCount":0,"requestCount":0,"freeSockets":{},"sockets":{},"requests":{}}, socketHandledRequests: 1, socketHandledResponses: 0)
headers: {}
headers: {}
    at Timeout._onTimeout (/Users/zhuxy/workspace/egg-example/node_modules/urllib/lib/urllib.js:818:15)
    at ontimeout (timers.js:424:11)
    at tryOnTimeout (timers.js:288:5)
    at listOnTimeout (timers.js:251:5)
    at Timer.processTimers (timers.js:211:10)
name: "ConnectionTimeoutError"
requestId: 3
data: undefined
path: "/v0/topstories.json?orderBy=%22%24key%22&startAt=%220%22&endAt=%224%22"
status: -2
headers: {}
res: {"status":-2,"statusCode":-2,"headers":{},"size":0,"aborted":false,"rt":5003,"keepAliveSocket":false,"requestUrls":["https://hacker-news.firebaseio.com/v0/topstories.json"],"timing":null,"remoteAddress":"35.201.97.85","remotePort":"","socketHandledRequests":1,"socketHandledResponses":0}
pid: 62269
hostname: zhuxydeMacBook-Pro.local

2018-08-19 23:01:44,302 ERROR 62269 [-/127.0.0.1/-/5007ms GET /news] nodejs.ConnectionTimeoutError: Connect timeout for 5000ms, GET https://hacker-news.firebaseio.com/v0/topstories.json -2 (connected: false, keepalive socket: false, agent status: {"createSocketCount":4,"createSocketErrorCount":0,"closeSocketCount":4,"errorSocketCount":0,"timeoutSocketCount":0,"requestCount":0,"freeSockets":{},"sockets":{},"requests":{}}, socketHandledRequests: 1, socketHandledResponses: 0)
headers: {}
headers: {}
    at Timeout._onTimeout (/Users/zhuxy/workspace/egg-example/node_modules/urllib/lib/urllib.js:818:15)
    at ontimeout (timers.js:424:11)
    at tryOnTimeout (timers.js:288:5)
    at listOnTimeout (timers.js:251:5)
    at Timer.processTimers (timers.js:211:10)
name: "ConnectionTimeoutError"
requestId: 4
data: undefined
path: "/v0/topstories.json?orderBy=%22%24key%22&startAt=%220%22&endAt=%224%22"
status: -2
headers: {}
res: {"status":-2,"statusCode":-2,"headers":{},"size":0,"aborted":false,"rt":5006,"keepAliveSocket":false,"requestUrls":["https://hacker-news.firebaseio.com/v0/topstories.json"],"timing":null,"remoteAddress":"35.201.97.85","remotePort":"","socketHandledRequests":1,"socketHandledResponses":0}
pid: 62269
hostname: zhuxydeMacBook-Pro.local

2018-08-19 23:02:06,817 ERROR 62269 [-/127.0.0.1/-/5002ms GET /news] nodejs.ConnectionTimeoutError: Connect timeout for 5000ms, GET https://hacker-news.firebaseio.com/v0/topstories.json -2 (connected: false, keepalive socket: false, agent status: {"createSocketCount":5,"createSocketErrorCount":0,"closeSocketCount":5,"errorSocketCount":0,"timeoutSocketCount":0,"requestCount":0,"freeSockets":{},"sockets":{},"requests":{}}, socketHandledRequests: 1, socketHandledResponses: 0)
headers: {}
headers: {}
    at Timeout._onTimeout (/Users/zhuxy/workspace/egg-example/node_modules/urllib/lib/urllib.js:818:15)
    at ontimeout (timers.js:424:11)
    at tryOnTimeout (timers.js:288:5)
    at listOnTimeout (timers.js:251:5)
    at Timer.processTimers (timers.js:211:10)
name: "ConnectionTimeoutError"
requestId: 5
data: undefined
path: "/v0/topstories.json?orderBy=%22%24key%22&startAt=%220%22&endAt=%224%22"
status: -2
headers: {}
res: {"status":-2,"statusCode":-2,"headers":{},"size":0,"aborted":false,"rt":5002,"keepAliveSocket":false,"requestUrls":["https://hacker-news.firebaseio.com/v0/topstories.json"],"timing":null,"remoteAddress":"35.201.97.85","remotePort":"","socketHandledRequests":1,"socketHandledResponses":0}
pid: 62269
hostname: zhuxydeMacBook-Pro.local

2018-08-19 23:02:46,560 ERROR 62290 [-/127.0.0.1/-/5028ms GET /news] nodejs.ConnectionTimeoutError: Connect timeout for 5000ms, GET https://hacker-news.firebaseio.com/v0/topstories.json -2 (connected: false, keepalive socket: false, agent status: {"createSocketCount":1,"createSocketErrorCount":0,"closeSocketCount":1,"errorSocketCount":0,"timeoutSocketCount":0,"requestCount":0,"freeSockets":{},"sockets":{},"requests":{}}, socketHandledRequests: 1, socketHandledResponses: 0)
headers: {}
headers: {}
    at Timeout._onTimeout (/Users/zhuxy/workspace/egg-example/node_modules/urllib/lib/urllib.js:818:15)
    at ontimeout (timers.js:424:11)
    at tryOnTimeout (timers.js:288:5)
    at listOnTimeout (timers.js:251:5)
    at Timer.processTimers (timers.js:211:10)
name: "ConnectionTimeoutError"
requestId: 1
data: undefined
path: "/v0/topstories.json?orderBy=%22%24key%22&startAt=%220%22&endAt=%224%22"
status: -2
headers: {}
res: {"status":-2,"statusCode":-2,"headers":{},"size":0,"aborted":false,"rt":5017,"keepAliveSocket":false,"requestUrls":["https://hacker-news.firebaseio.com/v0/topstories.json"],"timing":null,"remoteAddress":"35.201.97.85","remotePort":"","socketHandledRequests":1,"socketHandledResponses":0}
pid: 62290
hostname: zhuxydeMacBook-Pro.local

2018-08-19 23:09:49,389 ERROR 62290 [-/undefined/-/5006ms GET /news] nodejs.ConnectionTimeoutError: Connect timeout for 5000ms, GET https://hacker-news.firebaseio.com/v0/topstories.json -2 (connected: false, keepalive socket: false, agent status: {"createSocketCount":3,"createSocketErrorCount":0,"closeSocketCount":2,"errorSocketCount":0,"timeoutSocketCount":0,"requestCount":0,"freeSockets":{},"sockets":{"hacker-news.firebaseio.com:443::::::::::::::::":1},"requests":{}}, socketHandledRequests: 1, socketHandledResponses: 0)
headers: {}
headers: {}
    at Timeout._onTimeout (/Users/zhuxy/workspace/egg-example/node_modules/urllib/lib/urllib.js:818:15)
    at ontimeout (timers.js:424:11)
    at tryOnTimeout (timers.js:288:5)
    at listOnTimeout (timers.js:251:5)
    at Timer.processTimers (timers.js:211:10)
name: "ConnectionTimeoutError"
requestId: 2
data: undefined
path: "/v0/topstories.json?orderBy=%22%24key%22&startAt=%220%22&endAt=%224%22"
status: -2
headers: {}
res: {"status":-2,"statusCode":-2,"headers":{},"size":0,"aborted":false,"rt":5005,"keepAliveSocket":false,"requestUrls":["https://hacker-news.firebaseio.com/v0/topstories.json"],"timing":null,"remoteAddress":"35.201.97.85","remotePort":"","socketHandledRequests":1,"socketHandledResponses":0}
headerSent: true
pid: 62290
hostname: zhuxydeMacBook-Pro.local

2018-08-19 23:09:49,569 ERROR 62290 [-/127.0.0.1/-/5003ms GET /news] nodejs.ConnectionTimeoutError: Connect timeout for 5000ms, GET https://hacker-news.firebaseio.com/v0/topstories.json -2 (connected: false, keepalive socket: false, agent status: {"createSocketCount":3,"createSocketErrorCount":0,"closeSocketCount":3,"errorSocketCount":0,"timeoutSocketCount":0,"requestCount":0,"freeSockets":{},"sockets":{},"requests":{}}, socketHandledRequests: 1, socketHandledResponses: 0)
headers: {}
headers: {}
    at Timeout._onTimeout (/Users/zhuxy/workspace/egg-example/node_modules/urllib/lib/urllib.js:818:15)
    at ontimeout (timers.js:424:11)
    at tryOnTimeout (timers.js:288:5)
    at listOnTimeout (timers.js:251:5)
    at Timer.processTimers (timers.js:211:10)
name: "ConnectionTimeoutError"
requestId: 3
data: undefined
path: "/v0/topstories.json?orderBy=%22%24key%22&startAt=%220%22&endAt=%224%22"
status: -2
headers: {}
res: {"status":-2,"statusCode":-2,"headers":{},"size":0,"aborted":false,"rt":5003,"keepAliveSocket":false,"requestUrls":["https://hacker-news.firebaseio.com/v0/topstories.json"],"timing":null,"remoteAddress":"35.201.97.85","remotePort":"","socketHandledRequests":1,"socketHandledResponses":0}
pid: 62290
hostname: zhuxydeMacBook-Pro.local

2018-08-19 23:09:56,043 ERROR 62290 [-/127.0.0.1/-/5005ms GET /news] nodejs.ConnectionTimeoutError: Connect timeout for 5000ms, GET https://hacker-news.firebaseio.com/v0/topstories.json -2 (connected: false, keepalive socket: false, agent status: {"createSocketCount":4,"createSocketErrorCount":0,"closeSocketCount":4,"errorSocketCount":0,"timeoutSocketCount":0,"requestCount":0,"freeSockets":{},"sockets":{},"requests":{}}, socketHandledRequests: 1, socketHandledResponses: 0)
headers: {}
headers: {}
    at Timeout._onTimeout (/Users/zhuxy/workspace/egg-example/node_modules/urllib/lib/urllib.js:818:15)
    at ontimeout (timers.js:424:11)
    at tryOnTimeout (timers.js:288:5)
    at listOnTimeout (timers.js:251:5)
    at Timer.processTimers (timers.js:211:10)
name: "ConnectionTimeoutError"
requestId: 4
data: undefined
path: "/v0/topstories.json?orderBy=%22%24key%22&startAt=%220%22&endAt=%224%22"
status: -2
headers: {}
res: {"status":-2,"statusCode":-2,"headers":{},"size":0,"aborted":false,"rt":5005,"keepAliveSocket":false,"requestUrls":["https://hacker-news.firebaseio.com/v0/topstories.json"],"timing":null,"remoteAddress":"35.201.97.85","remotePort":"","socketHandledRequests":1,"socketHandledResponses":0}
pid: 62290
hostname: zhuxydeMacBook-Pro.local

2018-08-19 23:17:43,901 ERROR 62290 [-/127.0.0.1/-/5012ms GET /news] nodejs.ConnectionTimeoutError: Connect timeout for 5000ms, GET https://hacker-news.firebaseio.com/v0/topstories.json -2 (connected: false, keepalive socket: false, agent status: {"createSocketCount":5,"createSocketErrorCount":0,"closeSocketCount":5,"errorSocketCount":0,"timeoutSocketCount":0,"requestCount":0,"freeSockets":{},"sockets":{},"requests":{}}, socketHandledRequests: 1, socketHandledResponses: 0)
headers: {}
headers: {}
    at Timeout._onTimeout (/Users/zhuxy/workspace/egg-example/node_modules/urllib/lib/urllib.js:818:15)
    at ontimeout (timers.js:424:11)
    at tryOnTimeout (timers.js:288:5)
    at listOnTimeout (timers.js:251:5)
    at Timer.processTimers (timers.js:211:10)
name: "ConnectionTimeoutError"
requestId: 5
data: undefined
path: "/v0/topstories.json?orderBy=%22%24key%22&startAt=%220%22&endAt=%224%22"
status: -2
headers: {}
res: {"status":-2,"statusCode":-2,"headers":{},"size":0,"aborted":false,"rt":5008,"keepAliveSocket":false,"requestUrls":["https://hacker-news.firebaseio.com/v0/topstories.json"],"timing":null,"remoteAddress":"35.201.97.85","remotePort":"","socketHandledRequests":1,"socketHandledResponses":0}
pid: 62290
hostname: zhuxydeMacBook-Pro.local

2018-08-19 23:20:32,248 ERROR 62398 [-/127.0.0.1/-/464ms GET /news] nodejs.ReferenceError: newsList is not defined
    at NewsService.list (/Users/zhuxy/workspace/egg-example/app/service/news.js:11:9)
    at process._tickCallback (internal/process/next_tick.js:68:7)

pid: 62398
hostname: zhuxydeMacBook-Pro.local

2018-08-19 23:38:46,286 ERROR 62547 [-/127.0.0.1/-/9ms GET /topics] nodejs.ReferenceError: serverUrl is not defined
    at TopicsService.list (/Users/zhuxy/workspace/egg-example/app/service/topics.js:7:21)
    at TopicsController.list (/Users/zhuxy/workspace/egg-example/app/controller/topics.js:7:49)
    at Object.callFn (/Users/zhuxy/workspace/egg-example/node_modules/egg-core/lib/utils/index.js:36:21)
    at Object.classControllerMiddleware (/Users/zhuxy/workspace/egg-example/node_modules/egg-core/lib/loader/mixin/controller.js:87:20)
    at Object.callFn (/Users/zhuxy/workspace/egg-example/node_modules/egg-core/lib/utils/index.js:36:21)
    at wrappedController (/Users/zhuxy/workspace/egg-example/node_modules/egg-core/lib/utils/router.js:322:18)
    at dispatch (/Users/zhuxy/workspace/egg-example/node_modules/koa-router/node_modules/koa-compose/index.js:44:32)
    at next (/Users/zhuxy/workspace/egg-example/node_modules/koa-router/node_modules/koa-compose/index.js:45:18)
    at /Users/zhuxy/workspace/egg-example/node_modules/koa-router/lib/router.js:346:16
    at dispatch (/Users/zhuxy/workspace/egg-example/node_modules/koa-router/node_modules/koa-compose/index.js:44:32)

pid: 62547
hostname: zhuxydeMacBook-Pro.local

