2018-08-19 22:36:59,574 INFO 62134 [egg:logger] init all loggers with options: {"dir":"/Users/zhuxy/workspace/egg-example/logs/egg-example","encoding":"utf8","env":"local","level":"INFO","consoleLevel":"INFO","disableConsoleAfterReady":false,"outputJSON":false,"buffer":true,"appLogName":"egg-example-web.log","coreLogName":"egg-web.log","agentLogName":"egg-agent.log","errorLogName":"common-error.log","coreLogger":{"consoleLevel":"WARN"},"allowDebugAtProd":false,"type":"application"}
2018-08-19 22:36:59,619 INFO 62134 [egg-schedule]: register schedule /Users/zhuxy/workspace/egg-example/node_modules/egg-logrotator/app/schedule/clean_log.js
2018-08-19 22:36:59,619 INFO 62134 [egg-schedule]: register schedule /Users/zhuxy/workspace/egg-example/node_modules/egg-logrotator/app/schedule/rotate_by_file.js
2018-08-19 22:36:59,687 INFO 62134 [egg-static] starting static serve /public/ -> /Users/zhuxy/workspace/egg-example/app/public
2018-08-19 22:36:59,690 INFO 62134 [egg-security] use csrf middleware
2018-08-19 22:36:59,691 INFO 62134 [egg-security] use methodnoallow middleware
2018-08-19 22:36:59,692 INFO 62134 [egg-security] use noopen middleware
2018-08-19 22:36:59,693 INFO 62134 [egg-security] use nosniff middleware
2018-08-19 22:36:59,694 INFO 62134 [egg-security] use xssProtection middleware
2018-08-19 22:36:59,695 INFO 62134 [egg-security] use xframe middleware
2018-08-19 22:36:59,695 INFO 62134 [egg-security] use dta middleware
2018-08-19 22:36:59,695 INFO 62134 [egg-security] compose 7 middlewares into one security middleware
2018-08-19 22:36:59,706 INFO 62134 [egg:core] dump config after load, 5ms
2018-08-19 22:36:59,727 INFO 62134 [egg-watcher:app] watcher start success
2018-08-19 22:36:59,732 INFO 62134 [egg:core] dump config after ready, 4ms
2018-08-19 22:38:04,978 INFO 62157 [egg:logger] init all loggers with options: {"dir":"/Users/zhuxy/workspace/egg-example/logs/egg-example","encoding":"utf8","env":"local","level":"INFO","consoleLevel":"INFO","disableConsoleAfterReady":false,"outputJSON":false,"buffer":true,"appLogName":"egg-example-web.log","coreLogName":"egg-web.log","agentLogName":"egg-agent.log","errorLogName":"common-error.log","coreLogger":{"consoleLevel":"WARN"},"allowDebugAtProd":false,"type":"application"}
2018-08-19 22:38:05,045 INFO 62157 [egg-schedule]: register schedule /Users/zhuxy/workspace/egg-example/node_modules/egg-logrotator/app/schedule/clean_log.js
2018-08-19 22:38:05,045 INFO 62157 [egg-schedule]: register schedule /Users/zhuxy/workspace/egg-example/node_modules/egg-logrotator/app/schedule/rotate_by_file.js
2018-08-19 22:38:05,113 INFO 62157 [egg-static] starting static serve /public/ -> /Users/zhuxy/workspace/egg-example/app/public
2018-08-19 22:38:05,117 INFO 62157 [egg-security] use csrf middleware
2018-08-19 22:38:05,119 INFO 62157 [egg-security] use methodnoallow middleware
2018-08-19 22:38:05,120 INFO 62157 [egg-security] use noopen middleware
2018-08-19 22:38:05,121 INFO 62157 [egg-security] use nosniff middleware
2018-08-19 22:38:05,122 INFO 62157 [egg-security] use xssProtection middleware
2018-08-19 22:38:05,122 INFO 62157 [egg-security] use xframe middleware
2018-08-19 22:38:05,123 INFO 62157 [egg-security] use dta middleware
2018-08-19 22:38:05,123 INFO 62157 [egg-security] compose 7 middlewares into one security middleware
2018-08-19 22:38:05,138 INFO 62157 [egg:core] dump config after load, 9ms
2018-08-19 22:38:05,166 INFO 62157 [egg-watcher:app] watcher start success
2018-08-19 22:38:05,176 INFO 62157 [egg:core] dump config after ready, 7ms
2018-08-19 22:38:10,597 INFO 62158 [egg:logger] init all loggers with options: {"dir":"/Users/zhuxy/workspace/egg-example/logs/egg-example","encoding":"utf8","env":"local","level":"INFO","consoleLevel":"INFO","disableConsoleAfterReady":false,"outputJSON":false,"buffer":true,"appLogName":"egg-example-web.log","coreLogName":"egg-web.log","agentLogName":"egg-agent.log","errorLogName":"common-error.log","coreLogger":{"consoleLevel":"WARN"},"allowDebugAtProd":false,"type":"application"}
2018-08-19 22:38:10,650 INFO 62158 [egg-schedule]: register schedule /Users/zhuxy/workspace/egg-example/node_modules/egg-logrotator/app/schedule/clean_log.js
2018-08-19 22:38:10,650 INFO 62158 [egg-schedule]: register schedule /Users/zhuxy/workspace/egg-example/node_modules/egg-logrotator/app/schedule/rotate_by_file.js
2018-08-19 22:38:10,695 INFO 62158 [egg-static] starting static serve /public/ -> /Users/zhuxy/workspace/egg-example/app/public
2018-08-19 22:38:10,697 INFO 62158 [egg-security] use csrf middleware
2018-08-19 22:38:10,698 INFO 62158 [egg-security] use methodnoallow middleware
2018-08-19 22:38:10,698 INFO 62158 [egg-security] use noopen middleware
2018-08-19 22:38:10,699 INFO 62158 [egg-security] use nosniff middleware
2018-08-19 22:38:10,699 INFO 62158 [egg-security] use xssProtection middleware
2018-08-19 22:38:10,699 INFO 62158 [egg-security] use xframe middleware
2018-08-19 22:38:10,700 INFO 62158 [egg-security] use dta middleware
2018-08-19 22:38:10,700 INFO 62158 [egg-security] compose 7 middlewares into one security middleware
2018-08-19 22:38:10,709 INFO 62158 [egg:core] dump config after load, 5ms
2018-08-19 22:38:10,724 INFO 62158 [egg-watcher:app] watcher start success
2018-08-19 22:38:10,731 INFO 62158 [egg:core] dump config after ready, 6ms
2018-08-19 22:38:13,084 INFO 62159 [egg:logger] init all loggers with options: {"dir":"/Users/zhuxy/workspace/egg-example/logs/egg-example","encoding":"utf8","env":"local","level":"INFO","consoleLevel":"INFO","disableConsoleAfterReady":false,"outputJSON":false,"buffer":true,"appLogName":"egg-example-web.log","coreLogName":"egg-web.log","agentLogName":"egg-agent.log","errorLogName":"common-error.log","coreLogger":{"consoleLevel":"WARN"},"allowDebugAtProd":false,"type":"application"}
2018-08-19 22:38:13,127 INFO 62159 [egg-schedule]: register schedule /Users/zhuxy/workspace/egg-example/node_modules/egg-logrotator/app/schedule/clean_log.js
2018-08-19 22:38:13,127 INFO 62159 [egg-schedule]: register schedule /Users/zhuxy/workspace/egg-example/node_modules/egg-logrotator/app/schedule/rotate_by_file.js
2018-08-19 22:38:13,159 INFO 62159 [egg-static] starting static serve /public/ -> /Users/zhuxy/workspace/egg-example/app/public
2018-08-19 22:38:13,161 INFO 62159 [egg-security] use csrf middleware
2018-08-19 22:38:13,161 INFO 62159 [egg-security] use methodnoallow middleware
2018-08-19 22:38:13,161 INFO 62159 [egg-security] use noopen middleware
2018-08-19 22:38:13,162 INFO 62159 [egg-security] use nosniff middleware
2018-08-19 22:38:13,162 INFO 62159 [egg-security] use xssProtection middleware
2018-08-19 22:38:13,162 INFO 62159 [egg-security] use xframe middleware
2018-08-19 22:38:13,163 INFO 62159 [egg-security] use dta middleware
2018-08-19 22:38:13,163 INFO 62159 [egg-security] compose 7 middlewares into one security middleware
2018-08-19 22:38:13,170 INFO 62159 [egg:core] dump config after load, 4ms
2018-08-19 22:38:13,185 INFO 62159 [egg-watcher:app] watcher start success
2018-08-19 22:38:13,190 INFO 62159 [egg:core] dump config after ready, 3ms
2018-08-19 22:38:25,381 INFO 62162 [egg:logger] init all loggers with options: {"dir":"/Users/zhuxy/workspace/egg-example/logs/egg-example","encoding":"utf8","env":"local","level":"INFO","consoleLevel":"INFO","disableConsoleAfterReady":false,"outputJSON":false,"buffer":true,"appLogName":"egg-example-web.log","coreLogName":"egg-web.log","agentLogName":"egg-agent.log","errorLogName":"common-error.log","coreLogger":{"consoleLevel":"WARN"},"allowDebugAtProd":false,"type":"application"}
2018-08-19 22:38:25,429 INFO 62162 [egg-schedule]: register schedule /Users/zhuxy/workspace/egg-example/node_modules/egg-logrotator/app/schedule/clean_log.js
2018-08-19 22:38:25,429 INFO 62162 [egg-schedule]: register schedule /Users/zhuxy/workspace/egg-example/node_modules/egg-logrotator/app/schedule/rotate_by_file.js
2018-08-19 22:38:25,469 INFO 62162 [egg-static] starting static serve /public/ -> /Users/zhuxy/workspace/egg-example/app/public
2018-08-19 22:38:25,471 INFO 62162 [egg-security] use csrf middleware
2018-08-19 22:38:25,471 INFO 62162 [egg-security] use methodnoallow middleware
2018-08-19 22:38:25,471 INFO 62162 [egg-security] use noopen middleware
2018-08-19 22:38:25,472 INFO 62162 [egg-security] use nosniff middleware
2018-08-19 22:38:25,472 INFO 62162 [egg-security] use xssProtection middleware
2018-08-19 22:38:25,472 INFO 62162 [egg-security] use xframe middleware
2018-08-19 22:38:25,473 INFO 62162 [egg-security] use dta middleware
2018-08-19 22:38:25,473 INFO 62162 [egg-security] compose 7 middlewares into one security middleware
2018-08-19 22:38:25,484 INFO 62162 [egg:core] dump config after load, 7ms
2018-08-19 22:38:25,499 INFO 62162 [egg-watcher:app] watcher start success
2018-08-19 22:38:25,503 INFO 62162 [egg:core] dump config after ready, 3ms
2018-08-19 22:42:05,721 INFO 62179 [egg:logger] init all loggers with options: {"dir":"/Users/zhuxy/workspace/egg-example/logs/egg-example","encoding":"utf8","env":"local","level":"INFO","consoleLevel":"INFO","disableConsoleAfterReady":false,"outputJSON":false,"buffer":true,"appLogName":"egg-example-web.log","coreLogName":"egg-web.log","agentLogName":"egg-agent.log","errorLogName":"common-error.log","coreLogger":{"consoleLevel":"WARN"},"allowDebugAtProd":false,"type":"application"}
2018-08-19 22:42:05,798 INFO 62179 [egg-schedule]: register schedule /Users/zhuxy/workspace/egg-example/node_modules/egg-logrotator/app/schedule/clean_log.js
2018-08-19 22:42:05,798 INFO 62179 [egg-schedule]: register schedule /Users/zhuxy/workspace/egg-example/node_modules/egg-logrotator/app/schedule/rotate_by_file.js
2018-08-19 22:42:05,855 INFO 62179 [egg-static] starting static serve /public/ -> /Users/zhuxy/workspace/egg-example/app/public
2018-08-19 22:42:05,857 INFO 62179 [egg-security] use csrf middleware
2018-08-19 22:42:05,857 INFO 62179 [egg-security] use methodnoallow middleware
2018-08-19 22:42:05,858 INFO 62179 [egg-security] use noopen middleware
2018-08-19 22:42:05,859 INFO 62179 [egg-security] use nosniff middleware
2018-08-19 22:42:05,860 INFO 62179 [egg-security] use xssProtection middleware
2018-08-19 22:42:05,860 INFO 62179 [egg-security] use xframe middleware
2018-08-19 22:42:05,861 INFO 62179 [egg-security] use dta middleware
2018-08-19 22:42:05,861 INFO 62179 [egg-security] compose 7 middlewares into one security middleware
2018-08-19 22:42:05,870 INFO 62179 [egg:core] dump config after load, 5ms
2018-08-19 22:42:05,894 INFO 62179 [egg-watcher:app] watcher start success
2018-08-19 22:42:05,905 INFO 62179 [egg:core] dump config after ready, 8ms
2018-08-19 22:42:26,060 INFO 62180 [egg:logger] init all loggers with options: {"dir":"/Users/zhuxy/workspace/egg-example/logs/egg-example","encoding":"utf8","env":"local","level":"INFO","consoleLevel":"INFO","disableConsoleAfterReady":false,"outputJSON":false,"buffer":true,"appLogName":"egg-example-web.log","coreLogName":"egg-web.log","agentLogName":"egg-agent.log","errorLogName":"common-error.log","coreLogger":{"consoleLevel":"WARN"},"allowDebugAtProd":false,"type":"application"}
2018-08-19 22:42:26,102 INFO 62180 [egg-schedule]: register schedule /Users/zhuxy/workspace/egg-example/node_modules/egg-logrotator/app/schedule/clean_log.js
2018-08-19 22:42:26,102 INFO 62180 [egg-schedule]: register schedule /Users/zhuxy/workspace/egg-example/node_modules/egg-logrotator/app/schedule/rotate_by_file.js
2018-08-19 22:42:26,135 INFO 62180 [egg-static] starting static serve /public/ -> /Users/zhuxy/workspace/egg-example/app/public
2018-08-19 22:42:26,138 INFO 62180 [egg-security] use csrf middleware
2018-08-19 22:42:26,138 INFO 62180 [egg-security] use methodnoallow middleware
2018-08-19 22:42:26,138 INFO 62180 [egg-security] use noopen middleware
2018-08-19 22:42:26,139 INFO 62180 [egg-security] use nosniff middleware
2018-08-19 22:42:26,139 INFO 62180 [egg-security] use xssProtection middleware
2018-08-19 22:42:26,139 INFO 62180 [egg-security] use xframe middleware
2018-08-19 22:42:26,140 INFO 62180 [egg-security] use dta middleware
2018-08-19 22:42:26,140 INFO 62180 [egg-security] compose 7 middlewares into one security middleware
2018-08-19 22:42:26,149 INFO 62180 [egg:core] dump config after load, 6ms
2018-08-19 22:42:26,160 INFO 62180 [egg-watcher:app] watcher start success
2018-08-19 22:42:26,165 INFO 62180 [egg:core] dump config after ready, 4ms
2018-08-19 22:43:01,562 INFO 62183 [egg:logger] init all loggers with options: {"dir":"/Users/zhuxy/workspace/egg-example/logs/egg-example","encoding":"utf8","env":"local","level":"INFO","consoleLevel":"INFO","disableConsoleAfterReady":false,"outputJSON":false,"buffer":true,"appLogName":"egg-example-web.log","coreLogName":"egg-web.log","agentLogName":"egg-agent.log","errorLogName":"common-error.log","coreLogger":{"consoleLevel":"WARN"},"allowDebugAtProd":false,"type":"application"}
2018-08-19 22:43:01,606 INFO 62183 [egg-schedule]: register schedule /Users/zhuxy/workspace/egg-example/node_modules/egg-logrotator/app/schedule/clean_log.js
2018-08-19 22:43:01,606 INFO 62183 [egg-schedule]: register schedule /Users/zhuxy/workspace/egg-example/node_modules/egg-logrotator/app/schedule/rotate_by_file.js
2018-08-19 22:43:01,641 INFO 62183 [egg-static] starting static serve /public/ -> /Users/zhuxy/workspace/egg-example/app/public
2018-08-19 22:43:01,643 INFO 62183 [egg-security] use csrf middleware
2018-08-19 22:43:01,644 INFO 62183 [egg-security] use methodnoallow middleware
2018-08-19 22:43:01,644 INFO 62183 [egg-security] use noopen middleware
2018-08-19 22:43:01,645 INFO 62183 [egg-security] use nosniff middleware
2018-08-19 22:43:01,645 INFO 62183 [egg-security] use xssProtection middleware
2018-08-19 22:43:01,646 INFO 62183 [egg-security] use xframe middleware
2018-08-19 22:43:01,647 INFO 62183 [egg-security] use dta middleware
2018-08-19 22:43:01,647 INFO 62183 [egg-security] compose 7 middlewares into one security middleware
2018-08-19 22:43:01,657 INFO 62183 [egg:core] dump config after load, 5ms
2018-08-19 22:43:01,674 INFO 62183 [egg-watcher:app] watcher start success
2018-08-19 22:43:01,682 INFO 62183 [egg:core] dump config after ready, 6ms
2018-08-19 22:43:09,265 INFO 62183 [egg-view-nunjucks] loading templates from ["/Users/zhuxy/workspace/egg-example/app/view"]
2018-08-19 22:43:59,030 INFO 62187 [egg:logger] init all loggers with options: {"dir":"/Users/zhuxy/workspace/egg-example/logs/egg-example","encoding":"utf8","env":"local","level":"INFO","consoleLevel":"INFO","disableConsoleAfterReady":false,"outputJSON":false,"buffer":true,"appLogName":"egg-example-web.log","coreLogName":"egg-web.log","agentLogName":"egg-agent.log","errorLogName":"common-error.log","coreLogger":{"consoleLevel":"WARN"},"allowDebugAtProd":false,"type":"application"}
2018-08-19 22:43:59,081 INFO 62187 [egg-schedule]: register schedule /Users/zhuxy/workspace/egg-example/node_modules/egg-logrotator/app/schedule/clean_log.js
2018-08-19 22:43:59,081 INFO 62187 [egg-schedule]: register schedule /Users/zhuxy/workspace/egg-example/node_modules/egg-logrotator/app/schedule/rotate_by_file.js
2018-08-19 22:43:59,144 INFO 62187 [egg-static] starting static serve /public/ -> /Users/zhuxy/workspace/egg-example/app/public
2018-08-19 22:43:59,146 INFO 62187 [egg-security] use csrf middleware
2018-08-19 22:43:59,148 INFO 62187 [egg-security] use methodnoallow middleware
2018-08-19 22:43:59,148 INFO 62187 [egg-security] use noopen middleware
2018-08-19 22:43:59,149 INFO 62187 [egg-security] use nosniff middleware
2018-08-19 22:43:59,150 INFO 62187 [egg-security] use xssProtection middleware
2018-08-19 22:43:59,151 INFO 62187 [egg-security] use xframe middleware
2018-08-19 22:43:59,152 INFO 62187 [egg-security] use dta middleware
2018-08-19 22:43:59,152 INFO 62187 [egg-security] compose 7 middlewares into one security middleware
2018-08-19 22:43:59,162 INFO 62187 [egg:core] dump config after load, 5ms
2018-08-19 22:43:59,175 INFO 62187 [egg-watcher:app] watcher start success
2018-08-19 22:43:59,180 INFO 62187 [egg:core] dump config after ready, 4ms
2018-08-19 22:44:05,688 INFO 62189 [egg:logger] init all loggers with options: {"dir":"/Users/zhuxy/workspace/egg-example/logs/egg-example","encoding":"utf8","env":"local","level":"INFO","consoleLevel":"INFO","disableConsoleAfterReady":false,"outputJSON":false,"buffer":true,"appLogName":"egg-example-web.log","coreLogName":"egg-web.log","agentLogName":"egg-agent.log","errorLogName":"common-error.log","coreLogger":{"consoleLevel":"WARN"},"allowDebugAtProd":false,"type":"application"}
2018-08-19 22:44:05,745 INFO 62189 [egg-schedule]: register schedule /Users/zhuxy/workspace/egg-example/node_modules/egg-logrotator/app/schedule/clean_log.js
2018-08-19 22:44:05,745 INFO 62189 [egg-schedule]: register schedule /Users/zhuxy/workspace/egg-example/node_modules/egg-logrotator/app/schedule/rotate_by_file.js
2018-08-19 22:44:05,804 INFO 62189 [egg-static] starting static serve /public/ -> /Users/zhuxy/workspace/egg-example/app/public
2018-08-19 22:44:05,808 INFO 62189 [egg-security] use csrf middleware
2018-08-19 22:44:05,810 INFO 62189 [egg-security] use methodnoallow middleware
2018-08-19 22:44:05,813 INFO 62189 [egg-security] use noopen middleware
2018-08-19 22:44:05,815 INFO 62189 [egg-security] use nosniff middleware
2018-08-19 22:44:05,815 INFO 62189 [egg-security] use xssProtection middleware
2018-08-19 22:44:05,815 INFO 62189 [egg-security] use xframe middleware
2018-08-19 22:44:05,816 INFO 62189 [egg-security] use dta middleware
2018-08-19 22:44:05,816 INFO 62189 [egg-security] compose 7 middlewares into one security middleware
2018-08-19 22:44:05,826 INFO 62189 [egg:core] dump config after load, 6ms
2018-08-19 22:44:05,837 INFO 62189 [egg-watcher:app] watcher start success
2018-08-19 22:44:05,844 INFO 62189 [egg:core] dump config after ready, 4ms
2018-08-19 22:44:27,798 INFO 62190 [egg:logger] init all loggers with options: {"dir":"/Users/zhuxy/workspace/egg-example/logs/egg-example","encoding":"utf8","env":"local","level":"INFO","consoleLevel":"INFO","disableConsoleAfterReady":false,"outputJSON":false,"buffer":true,"appLogName":"egg-example-web.log","coreLogName":"egg-web.log","agentLogName":"egg-agent.log","errorLogName":"common-error.log","coreLogger":{"consoleLevel":"WARN"},"allowDebugAtProd":false,"type":"application"}
2018-08-19 22:44:27,836 INFO 62190 [egg-schedule]: register schedule /Users/zhuxy/workspace/egg-example/node_modules/egg-logrotator/app/schedule/clean_log.js
2018-08-19 22:44:27,836 INFO 62190 [egg-schedule]: register schedule /Users/zhuxy/workspace/egg-example/node_modules/egg-logrotator/app/schedule/rotate_by_file.js
2018-08-19 22:44:27,867 INFO 62190 [egg-static] starting static serve /public/ -> /Users/zhuxy/workspace/egg-example/app/public
2018-08-19 22:44:27,869 INFO 62190 [egg-security] use csrf middleware
2018-08-19 22:44:27,870 INFO 62190 [egg-security] use methodnoallow middleware
2018-08-19 22:44:27,870 INFO 62190 [egg-security] use noopen middleware
2018-08-19 22:44:27,870 INFO 62190 [egg-security] use nosniff middleware
2018-08-19 22:44:27,871 INFO 62190 [egg-security] use xssProtection middleware
2018-08-19 22:44:27,871 INFO 62190 [egg-security] use xframe middleware
2018-08-19 22:44:27,871 INFO 62190 [egg-security] use dta middleware
2018-08-19 22:44:27,871 INFO 62190 [egg-security] compose 7 middlewares into one security middleware
2018-08-19 22:44:27,879 INFO 62190 [egg:core] dump config after load, 4ms
2018-08-19 22:44:27,890 INFO 62190 [egg-watcher:app] watcher start success
2018-08-19 22:44:27,895 INFO 62190 [egg:core] dump config after ready, 4ms
2018-08-19 22:46:34,251 INFO 62205 [egg:logger] init all loggers with options: {"dir":"/Users/zhuxy/workspace/egg-example/logs/egg-example","encoding":"utf8","env":"local","level":"INFO","consoleLevel":"INFO","disableConsoleAfterReady":false,"outputJSON":false,"buffer":true,"appLogName":"egg-example-web.log","coreLogName":"egg-web.log","agentLogName":"egg-agent.log","errorLogName":"common-error.log","coreLogger":{"consoleLevel":"WARN"},"allowDebugAtProd":false,"type":"application"}
2018-08-19 22:46:34,300 INFO 62205 [egg-schedule]: register schedule /Users/zhuxy/workspace/egg-example/node_modules/egg-logrotator/app/schedule/clean_log.js
2018-08-19 22:46:34,300 INFO 62205 [egg-schedule]: register schedule /Users/zhuxy/workspace/egg-example/node_modules/egg-logrotator/app/schedule/rotate_by_file.js
2018-08-19 22:46:34,371 INFO 62205 [egg-static] starting static serve /public/ -> /Users/zhuxy/workspace/egg-example/app/public
2018-08-19 22:46:34,377 INFO 62205 [egg-security] use csrf middleware
2018-08-19 22:46:34,378 INFO 62205 [egg-security] use methodnoallow middleware
2018-08-19 22:46:34,378 INFO 62205 [egg-security] use noopen middleware
2018-08-19 22:46:34,379 INFO 62205 [egg-security] use nosniff middleware
2018-08-19 22:46:34,380 INFO 62205 [egg-security] use xssProtection middleware
2018-08-19 22:46:34,381 INFO 62205 [egg-security] use xframe middleware
2018-08-19 22:46:34,382 INFO 62205 [egg-security] use dta middleware
2018-08-19 22:46:34,382 INFO 62205 [egg-security] compose 7 middlewares into one security middleware
2018-08-19 22:46:34,393 INFO 62205 [egg:core] dump config after load, 6ms
2018-08-19 22:46:34,407 INFO 62205 [egg-watcher:app] watcher start success
2018-08-19 22:46:34,412 INFO 62205 [egg:core] dump config after ready, 3ms
2018-08-19 22:46:52,995 INFO 62207 [egg:logger] init all loggers with options: {"dir":"/Users/zhuxy/workspace/egg-example/logs/egg-example","encoding":"utf8","env":"local","level":"INFO","consoleLevel":"INFO","disableConsoleAfterReady":false,"outputJSON":false,"buffer":true,"appLogName":"egg-example-web.log","coreLogName":"egg-web.log","agentLogName":"egg-agent.log","errorLogName":"common-error.log","coreLogger":{"consoleLevel":"WARN"},"allowDebugAtProd":false,"type":"application"}
2018-08-19 22:46:53,042 INFO 62207 [egg-schedule]: register schedule /Users/zhuxy/workspace/egg-example/node_modules/egg-logrotator/app/schedule/clean_log.js
2018-08-19 22:46:53,042 INFO 62207 [egg-schedule]: register schedule /Users/zhuxy/workspace/egg-example/node_modules/egg-logrotator/app/schedule/rotate_by_file.js
2018-08-19 22:46:53,102 INFO 62207 [egg-static] starting static serve /public/ -> /Users/zhuxy/workspace/egg-example/app/public
2018-08-19 22:46:53,104 INFO 62207 [egg-security] use csrf middleware
2018-08-19 22:46:53,105 INFO 62207 [egg-security] use methodnoallow middleware
2018-08-19 22:46:53,106 INFO 62207 [egg-security] use noopen middleware
2018-08-19 22:46:53,107 INFO 62207 [egg-security] use nosniff middleware
2018-08-19 22:46:53,107 INFO 62207 [egg-security] use xssProtection middleware
2018-08-19 22:46:53,108 INFO 62207 [egg-security] use xframe middleware
2018-08-19 22:46:53,109 INFO 62207 [egg-security] use dta middleware
2018-08-19 22:46:53,109 INFO 62207 [egg-security] compose 7 middlewares into one security middleware
2018-08-19 22:46:53,118 INFO 62207 [egg:core] dump config after load, 4ms
2018-08-19 22:46:53,129 INFO 62207 [egg-watcher:app] watcher start success
2018-08-19 22:46:53,134 INFO 62207 [egg:core] dump config after ready, 3ms
2018-08-19 22:46:55,479 INFO 62209 [egg:logger] init all loggers with options: {"dir":"/Users/zhuxy/workspace/egg-example/logs/egg-example","encoding":"utf8","env":"local","level":"INFO","consoleLevel":"INFO","disableConsoleAfterReady":false,"outputJSON":false,"buffer":true,"appLogName":"egg-example-web.log","coreLogName":"egg-web.log","agentLogName":"egg-agent.log","errorLogName":"common-error.log","coreLogger":{"consoleLevel":"WARN"},"allowDebugAtProd":false,"type":"application"}
2018-08-19 22:46:55,523 INFO 62209 [egg-schedule]: register schedule /Users/zhuxy/workspace/egg-example/node_modules/egg-logrotator/app/schedule/clean_log.js
2018-08-19 22:46:55,523 INFO 62209 [egg-schedule]: register schedule /Users/zhuxy/workspace/egg-example/node_modules/egg-logrotator/app/schedule/rotate_by_file.js
2018-08-19 22:46:55,558 INFO 62209 [egg-static] starting static serve /public/ -> /Users/zhuxy/workspace/egg-example/app/public
2018-08-19 22:46:55,560 INFO 62209 [egg-security] use csrf middleware
2018-08-19 22:46:55,561 INFO 62209 [egg-security] use methodnoallow middleware
2018-08-19 22:46:55,561 INFO 62209 [egg-security] use noopen middleware
2018-08-19 22:46:55,561 INFO 62209 [egg-security] use nosniff middleware
2018-08-19 22:46:55,562 INFO 62209 [egg-security] use xssProtection middleware
2018-08-19 22:46:55,562 INFO 62209 [egg-security] use xframe middleware
2018-08-19 22:46:55,562 INFO 62209 [egg-security] use dta middleware
2018-08-19 22:46:55,562 INFO 62209 [egg-security] compose 7 middlewares into one security middleware
2018-08-19 22:46:55,572 INFO 62209 [egg:core] dump config after load, 4ms
2018-08-19 22:46:55,585 INFO 62209 [egg-watcher:app] watcher start success
2018-08-19 22:46:55,590 INFO 62209 [egg:core] dump config after ready, 4ms
2018-08-19 22:47:34,970 INFO 62212 [egg:logger] init all loggers with options: {"dir":"/Users/zhuxy/workspace/egg-example/logs/egg-example","encoding":"utf8","env":"local","level":"INFO","consoleLevel":"INFO","disableConsoleAfterReady":false,"outputJSON":false,"buffer":true,"appLogName":"egg-example-web.log","coreLogName":"egg-web.log","agentLogName":"egg-agent.log","errorLogName":"common-error.log","coreLogger":{"consoleLevel":"WARN"},"allowDebugAtProd":false,"type":"application"}
2018-08-19 22:47:35,082 INFO 62212 [egg-schedule]: register schedule /Users/zhuxy/workspace/egg-example/node_modules/egg-logrotator/app/schedule/clean_log.js
2018-08-19 22:47:35,082 INFO 62212 [egg-schedule]: register schedule /Users/zhuxy/workspace/egg-example/node_modules/egg-logrotator/app/schedule/rotate_by_file.js
2018-08-19 22:47:35,132 INFO 62212 [egg-static] starting static serve /public/ -> /Users/zhuxy/workspace/egg-example/app/public
2018-08-19 22:47:35,137 INFO 62212 [egg-security] use csrf middleware
2018-08-19 22:47:35,139 INFO 62212 [egg-security] use methodnoallow middleware
2018-08-19 22:47:35,142 INFO 62212 [egg-security] use noopen middleware
2018-08-19 22:47:35,143 INFO 62212 [egg-security] use nosniff middleware
2018-08-19 22:47:35,144 INFO 62212 [egg-security] use xssProtection middleware
2018-08-19 22:47:35,144 INFO 62212 [egg-security] use xframe middleware
2018-08-19 22:47:35,144 INFO 62212 [egg-security] use dta middleware
2018-08-19 22:47:35,144 INFO 62212 [egg-security] compose 7 middlewares into one security middleware
2018-08-19 22:47:35,154 INFO 62212 [egg:core] dump config after load, 6ms
2018-08-19 22:47:35,166 INFO 62212 [egg-watcher:app] watcher start success
2018-08-19 22:47:35,176 INFO 62212 [egg:core] dump config after ready, 9ms
2018-08-19 22:48:39,591 INFO 62217 [egg:logger] init all loggers with options: {"dir":"/Users/zhuxy/workspace/egg-example/logs/egg-example","encoding":"utf8","env":"local","level":"INFO","consoleLevel":"INFO","disableConsoleAfterReady":false,"outputJSON":false,"buffer":true,"appLogName":"egg-example-web.log","coreLogName":"egg-web.log","agentLogName":"egg-agent.log","errorLogName":"common-error.log","coreLogger":{"consoleLevel":"WARN"},"allowDebugAtProd":false,"type":"application"}
2018-08-19 22:48:39,636 INFO 62217 [egg-schedule]: register schedule /Users/zhuxy/workspace/egg-example/node_modules/egg-logrotator/app/schedule/clean_log.js
2018-08-19 22:48:39,637 INFO 62217 [egg-schedule]: register schedule /Users/zhuxy/workspace/egg-example/node_modules/egg-logrotator/app/schedule/rotate_by_file.js
2018-08-19 22:48:39,700 INFO 62217 [egg-static] starting static serve /public/ -> /Users/zhuxy/workspace/egg-example/app/public
2018-08-19 22:48:39,702 INFO 62217 [egg-security] use csrf middleware
2018-08-19 22:48:39,704 INFO 62217 [egg-security] use methodnoallow middleware
2018-08-19 22:48:39,704 INFO 62217 [egg-security] use noopen middleware
2018-08-19 22:48:39,705 INFO 62217 [egg-security] use nosniff middleware
2018-08-19 22:48:39,706 INFO 62217 [egg-security] use xssProtection middleware
2018-08-19 22:48:39,707 INFO 62217 [egg-security] use xframe middleware
2018-08-19 22:48:39,707 INFO 62217 [egg-security] use dta middleware
2018-08-19 22:48:39,707 INFO 62217 [egg-security] compose 7 middlewares into one security middleware
2018-08-19 22:48:39,718 INFO 62217 [egg:core] dump config after load, 5ms
2018-08-19 22:48:39,730 INFO 62217 [egg-watcher:app] watcher start success
2018-08-19 22:48:39,735 INFO 62217 [egg:core] dump config after ready, 3ms
2018-08-19 22:48:44,113 INFO 62218 [egg:logger] init all loggers with options: {"dir":"/Users/zhuxy/workspace/egg-example/logs/egg-example","encoding":"utf8","env":"local","level":"INFO","consoleLevel":"INFO","disableConsoleAfterReady":false,"outputJSON":false,"buffer":true,"appLogName":"egg-example-web.log","coreLogName":"egg-web.log","agentLogName":"egg-agent.log","errorLogName":"common-error.log","coreLogger":{"consoleLevel":"WARN"},"allowDebugAtProd":false,"type":"application"}
2018-08-19 22:48:44,145 INFO 62218 [egg-schedule]: register schedule /Users/zhuxy/workspace/egg-example/node_modules/egg-logrotator/app/schedule/clean_log.js
2018-08-19 22:48:44,145 INFO 62218 [egg-schedule]: register schedule /Users/zhuxy/workspace/egg-example/node_modules/egg-logrotator/app/schedule/rotate_by_file.js
2018-08-19 22:48:44,177 INFO 62218 [egg-static] starting static serve /public/ -> /Users/zhuxy/workspace/egg-example/app/public
2018-08-19 22:48:44,179 INFO 62218 [egg-security] use csrf middleware
2018-08-19 22:48:44,179 INFO 62218 [egg-security] use methodnoallow middleware
2018-08-19 22:48:44,180 INFO 62218 [egg-security] use noopen middleware
2018-08-19 22:48:44,180 INFO 62218 [egg-security] use nosniff middleware
2018-08-19 22:48:44,180 INFO 62218 [egg-security] use xssProtection middleware
2018-08-19 22:48:44,181 INFO 62218 [egg-security] use xframe middleware
2018-08-19 22:48:44,181 INFO 62218 [egg-security] use dta middleware
2018-08-19 22:48:44,181 INFO 62218 [egg-security] compose 7 middlewares into one security middleware
2018-08-19 22:48:44,189 INFO 62218 [egg:core] dump config after load, 5ms
2018-08-19 22:48:44,200 INFO 62218 [egg-watcher:app] watcher start success
2018-08-19 22:48:44,206 INFO 62218 [egg:core] dump config after ready, 4ms
2018-08-19 22:48:47,647 INFO 62219 [egg:logger] init all loggers with options: {"dir":"/Users/zhuxy/workspace/egg-example/logs/egg-example","encoding":"utf8","env":"local","level":"INFO","consoleLevel":"INFO","disableConsoleAfterReady":false,"outputJSON":false,"buffer":true,"appLogName":"egg-example-web.log","coreLogName":"egg-web.log","agentLogName":"egg-agent.log","errorLogName":"common-error.log","coreLogger":{"consoleLevel":"WARN"},"allowDebugAtProd":false,"type":"application"}
2018-08-19 22:48:47,682 INFO 62219 [egg-schedule]: register schedule /Users/zhuxy/workspace/egg-example/node_modules/egg-logrotator/app/schedule/clean_log.js
2018-08-19 22:48:47,682 INFO 62219 [egg-schedule]: register schedule /Users/zhuxy/workspace/egg-example/node_modules/egg-logrotator/app/schedule/rotate_by_file.js
2018-08-19 22:48:47,714 INFO 62219 [egg-static] starting static serve /public/ -> /Users/zhuxy/workspace/egg-example/app/public
2018-08-19 22:48:47,716 INFO 62219 [egg-security] use csrf middleware
2018-08-19 22:48:47,716 INFO 62219 [egg-security] use methodnoallow middleware
2018-08-19 22:48:47,717 INFO 62219 [egg-security] use noopen middleware
2018-08-19 22:48:47,717 INFO 62219 [egg-security] use nosniff middleware
2018-08-19 22:48:47,717 INFO 62219 [egg-security] use xssProtection middleware
2018-08-19 22:48:47,718 INFO 62219 [egg-security] use xframe middleware
2018-08-19 22:48:47,718 INFO 62219 [egg-security] use dta middleware
2018-08-19 22:48:47,718 INFO 62219 [egg-security] compose 7 middlewares into one security middleware
2018-08-19 22:48:47,727 INFO 62219 [egg:core] dump config after load, 5ms
2018-08-19 22:48:47,741 INFO 62219 [egg-watcher:app] watcher start success
2018-08-19 22:48:47,749 INFO 62219 [egg:core] dump config after ready, 6ms
2018-08-19 22:48:51,979 INFO 62224 [egg:logger] init all loggers with options: {"dir":"/Users/zhuxy/workspace/egg-example/logs/egg-example","encoding":"utf8","env":"local","level":"INFO","consoleLevel":"INFO","disableConsoleAfterReady":false,"outputJSON":false,"buffer":true,"appLogName":"egg-example-web.log","coreLogName":"egg-web.log","agentLogName":"egg-agent.log","errorLogName":"common-error.log","coreLogger":{"consoleLevel":"WARN"},"allowDebugAtProd":false,"type":"application"}
2018-08-19 22:48:52,025 INFO 62224 [egg-schedule]: register schedule /Users/zhuxy/workspace/egg-example/node_modules/egg-logrotator/app/schedule/clean_log.js
2018-08-19 22:48:52,026 INFO 62224 [egg-schedule]: register schedule /Users/zhuxy/workspace/egg-example/node_modules/egg-logrotator/app/schedule/rotate_by_file.js
2018-08-19 22:48:52,065 INFO 62224 [egg-static] starting static serve /public/ -> /Users/zhuxy/workspace/egg-example/app/public
2018-08-19 22:48:52,067 INFO 62224 [egg-security] use csrf middleware
2018-08-19 22:48:52,068 INFO 62224 [egg-security] use methodnoallow middleware
2018-08-19 22:48:52,068 INFO 62224 [egg-security] use noopen middleware
2018-08-19 22:48:52,069 INFO 62224 [egg-security] use nosniff middleware
2018-08-19 22:48:52,071 INFO 62224 [egg-security] use xssProtection middleware
2018-08-19 22:48:52,071 INFO 62224 [egg-security] use xframe middleware
2018-08-19 22:48:52,072 INFO 62224 [egg-security] use dta middleware
2018-08-19 22:48:52,072 INFO 62224 [egg-security] compose 7 middlewares into one security middleware
2018-08-19 22:48:52,081 INFO 62224 [egg:core] dump config after load, 4ms
2018-08-19 22:48:52,092 INFO 62224 [egg-watcher:app] watcher start success
2018-08-19 22:48:52,097 INFO 62224 [egg:core] dump config after ready, 3ms
2018-08-19 22:48:53,376 INFO 62225 [egg:logger] init all loggers with options: {"dir":"/Users/zhuxy/workspace/egg-example/logs/egg-example","encoding":"utf8","env":"local","level":"INFO","consoleLevel":"INFO","disableConsoleAfterReady":false,"outputJSON":false,"buffer":true,"appLogName":"egg-example-web.log","coreLogName":"egg-web.log","agentLogName":"egg-agent.log","errorLogName":"common-error.log","coreLogger":{"consoleLevel":"WARN"},"allowDebugAtProd":false,"type":"application"}
2018-08-19 22:48:53,412 INFO 62225 [egg-schedule]: register schedule /Users/zhuxy/workspace/egg-example/node_modules/egg-logrotator/app/schedule/clean_log.js
2018-08-19 22:48:53,412 INFO 62225 [egg-schedule]: register schedule /Users/zhuxy/workspace/egg-example/node_modules/egg-logrotator/app/schedule/rotate_by_file.js
2018-08-19 22:48:53,443 INFO 62225 [egg-static] starting static serve /public/ -> /Users/zhuxy/workspace/egg-example/app/public
2018-08-19 22:48:53,445 INFO 62225 [egg-security] use csrf middleware
2018-08-19 22:48:53,445 INFO 62225 [egg-security] use methodnoallow middleware
2018-08-19 22:48:53,446 INFO 62225 [egg-security] use noopen middleware
2018-08-19 22:48:53,446 INFO 62225 [egg-security] use nosniff middleware
2018-08-19 22:48:53,446 INFO 62225 [egg-security] use xssProtection middleware
2018-08-19 22:48:53,447 INFO 62225 [egg-security] use xframe middleware
2018-08-19 22:48:53,447 INFO 62225 [egg-security] use dta middleware
2018-08-19 22:48:53,447 INFO 62225 [egg-security] compose 7 middlewares into one security middleware
2018-08-19 22:48:53,455 INFO 62225 [egg:core] dump config after load, 5ms
2018-08-19 22:48:53,467 INFO 62225 [egg-watcher:app] watcher start success
2018-08-19 22:48:53,473 INFO 62225 [egg:core] dump config after ready, 4ms
2018-08-19 22:52:17,465 INFO 62239 [egg:logger] init all loggers with options: {"dir":"/Users/zhuxy/workspace/egg-example/logs/egg-example","encoding":"utf8","env":"local","level":"INFO","consoleLevel":"INFO","disableConsoleAfterReady":false,"outputJSON":false,"buffer":true,"appLogName":"egg-example-web.log","coreLogName":"egg-web.log","agentLogName":"egg-agent.log","errorLogName":"common-error.log","coreLogger":{"consoleLevel":"WARN"},"allowDebugAtProd":false,"type":"application"}
2018-08-19 22:52:17,506 INFO 62239 [egg-schedule]: register schedule /Users/zhuxy/workspace/egg-example/node_modules/egg-logrotator/app/schedule/clean_log.js
2018-08-19 22:52:17,506 INFO 62239 [egg-schedule]: register schedule /Users/zhuxy/workspace/egg-example/node_modules/egg-logrotator/app/schedule/rotate_by_file.js
2018-08-19 22:52:17,560 INFO 62239 [egg-static] starting static serve /public/ -> /Users/zhuxy/workspace/egg-example/app/public
2018-08-19 22:52:17,565 INFO 62239 [egg-security] use csrf middleware
2018-08-19 22:52:17,566 INFO 62239 [egg-security] use methodnoallow middleware
2018-08-19 22:52:17,567 INFO 62239 [egg-security] use noopen middleware
2018-08-19 22:52:17,568 INFO 62239 [egg-security] use nosniff middleware
2018-08-19 22:52:17,568 INFO 62239 [egg-security] use xssProtection middleware
2018-08-19 22:52:17,568 INFO 62239 [egg-security] use xframe middleware
2018-08-19 22:52:17,569 INFO 62239 [egg-security] use dta middleware
2018-08-19 22:52:17,569 INFO 62239 [egg-security] compose 7 middlewares into one security middleware
2018-08-19 22:52:17,584 INFO 62239 [egg:core] dump config after load, 8ms
2018-08-19 22:52:17,600 INFO 62239 [egg-watcher:app] watcher start success
2018-08-19 22:52:17,608 INFO 62239 [egg:core] dump config after ready, 6ms
2018-08-19 22:52:30,113 INFO 62240 [egg:logger] init all loggers with options: {"dir":"/Users/zhuxy/workspace/egg-example/logs/egg-example","encoding":"utf8","env":"local","level":"INFO","consoleLevel":"INFO","disableConsoleAfterReady":false,"outputJSON":false,"buffer":true,"appLogName":"egg-example-web.log","coreLogName":"egg-web.log","agentLogName":"egg-agent.log","errorLogName":"common-error.log","coreLogger":{"consoleLevel":"WARN"},"allowDebugAtProd":false,"type":"application"}
2018-08-19 22:52:30,151 INFO 62240 [egg-schedule]: register schedule /Users/zhuxy/workspace/egg-example/node_modules/egg-logrotator/app/schedule/clean_log.js
2018-08-19 22:52:30,151 INFO 62240 [egg-schedule]: register schedule /Users/zhuxy/workspace/egg-example/node_modules/egg-logrotator/app/schedule/rotate_by_file.js
2018-08-19 22:52:30,186 INFO 62240 [egg-static] starting static serve /public/ -> /Users/zhuxy/workspace/egg-example/app/public
2018-08-19 22:52:30,188 INFO 62240 [egg-security] use csrf middleware
2018-08-19 22:52:30,189 INFO 62240 [egg-security] use methodnoallow middleware
2018-08-19 22:52:30,189 INFO 62240 [egg-security] use noopen middleware
2018-08-19 22:52:30,189 INFO 62240 [egg-security] use nosniff middleware
2018-08-19 22:52:30,190 INFO 62240 [egg-security] use xssProtection middleware
2018-08-19 22:52:30,190 INFO 62240 [egg-security] use xframe middleware
2018-08-19 22:52:30,190 INFO 62240 [egg-security] use dta middleware
2018-08-19 22:52:30,190 INFO 62240 [egg-security] compose 7 middlewares into one security middleware
2018-08-19 22:52:30,199 INFO 62240 [egg:core] dump config after load, 5ms
2018-08-19 22:52:30,211 INFO 62240 [egg-watcher:app] watcher start success
2018-08-19 22:52:30,217 INFO 62240 [egg:core] dump config after ready, 4ms
2018-08-19 22:54:05,926 INFO 62245 [egg:logger] init all loggers with options: {"dir":"/Users/zhuxy/workspace/egg-example/logs/egg-example","encoding":"utf8","env":"local","level":"INFO","consoleLevel":"INFO","disableConsoleAfterReady":false,"outputJSON":false,"buffer":true,"appLogName":"egg-example-web.log","coreLogName":"egg-web.log","agentLogName":"egg-agent.log","errorLogName":"common-error.log","coreLogger":{"consoleLevel":"WARN"},"allowDebugAtProd":false,"type":"application"}
2018-08-19 22:54:05,957 INFO 62245 [egg-schedule]: register schedule /Users/zhuxy/workspace/egg-example/node_modules/egg-logrotator/app/schedule/clean_log.js
2018-08-19 22:54:05,958 INFO 62245 [egg-schedule]: register schedule /Users/zhuxy/workspace/egg-example/node_modules/egg-logrotator/app/schedule/rotate_by_file.js
2018-08-19 22:54:05,990 INFO 62245 [egg-static] starting static serve /public/ -> /Users/zhuxy/workspace/egg-example/app/public
2018-08-19 22:54:05,993 INFO 62245 [egg-security] use csrf middleware
2018-08-19 22:54:05,993 INFO 62245 [egg-security] use methodnoallow middleware
2018-08-19 22:54:05,994 INFO 62245 [egg-security] use noopen middleware
2018-08-19 22:54:05,994 INFO 62245 [egg-security] use nosniff middleware
2018-08-19 22:54:05,995 INFO 62245 [egg-security] use xssProtection middleware
2018-08-19 22:54:05,995 INFO 62245 [egg-security] use xframe middleware
2018-08-19 22:54:05,995 INFO 62245 [egg-security] use dta middleware
2018-08-19 22:54:05,995 INFO 62245 [egg-security] compose 7 middlewares into one security middleware
2018-08-19 22:54:06,004 INFO 62245 [egg:core] dump config after load, 4ms
2018-08-19 22:54:06,016 INFO 62245 [egg-watcher:app] watcher start success
2018-08-19 22:54:06,021 INFO 62245 [egg:core] dump config after ready, 3ms
2018-08-19 22:58:25,331 INFO 62266 [egg:logger] init all loggers with options: {"dir":"/Users/zhuxy/workspace/egg-example/logs/egg-example","encoding":"utf8","env":"local","level":"INFO","consoleLevel":"INFO","disableConsoleAfterReady":false,"outputJSON":false,"buffer":true,"appLogName":"egg-example-web.log","coreLogName":"egg-web.log","agentLogName":"egg-agent.log","errorLogName":"common-error.log","coreLogger":{"consoleLevel":"WARN"},"allowDebugAtProd":false,"type":"application"}
2018-08-19 22:58:25,363 INFO 62266 [egg-schedule]: register schedule /Users/zhuxy/workspace/egg-example/node_modules/egg-logrotator/app/schedule/clean_log.js
2018-08-19 22:58:25,363 INFO 62266 [egg-schedule]: register schedule /Users/zhuxy/workspace/egg-example/node_modules/egg-logrotator/app/schedule/rotate_by_file.js
2018-08-19 22:58:25,394 INFO 62266 [egg-static] starting static serve /public/ -> /Users/zhuxy/workspace/egg-example/app/public
2018-08-19 22:58:25,396 INFO 62266 [egg-security] use csrf middleware
2018-08-19 22:58:25,397 INFO 62266 [egg-security] use methodnoallow middleware
2018-08-19 22:58:25,397 INFO 62266 [egg-security] use noopen middleware
2018-08-19 22:58:25,397 INFO 62266 [egg-security] use nosniff middleware
2018-08-19 22:58:25,398 INFO 62266 [egg-security] use xssProtection middleware
2018-08-19 22:58:25,398 INFO 62266 [egg-security] use xframe middleware
2018-08-19 22:58:25,398 INFO 62266 [egg-security] use dta middleware
2018-08-19 22:58:25,398 INFO 62266 [egg-security] compose 7 middlewares into one security middleware
2018-08-19 22:58:25,407 INFO 62266 [egg:core] dump config after load, 4ms
2018-08-19 22:58:25,418 INFO 62266 [egg-watcher:app] watcher start success
2018-08-19 22:58:25,422 INFO 62266 [egg:core] dump config after ready, 3ms
2018-08-19 22:58:41,760 INFO 62269 [egg:logger] init all loggers with options: {"dir":"/Users/zhuxy/workspace/egg-example/logs/egg-example","encoding":"utf8","env":"local","level":"INFO","consoleLevel":"INFO","disableConsoleAfterReady":false,"outputJSON":false,"buffer":true,"appLogName":"egg-example-web.log","coreLogName":"egg-web.log","agentLogName":"egg-agent.log","errorLogName":"common-error.log","coreLogger":{"consoleLevel":"WARN"},"allowDebugAtProd":false,"type":"application"}
2018-08-19 22:58:41,824 INFO 62269 [egg-schedule]: register schedule /Users/zhuxy/workspace/egg-example/node_modules/egg-logrotator/app/schedule/clean_log.js
2018-08-19 22:58:41,824 INFO 62269 [egg-schedule]: register schedule /Users/zhuxy/workspace/egg-example/node_modules/egg-logrotator/app/schedule/rotate_by_file.js
2018-08-19 22:58:41,903 INFO 62269 [egg-static] starting static serve /public/ -> /Users/zhuxy/workspace/egg-example/app/public
2018-08-19 22:58:41,908 INFO 62269 [egg-security] use csrf middleware
2018-08-19 22:58:41,908 INFO 62269 [egg-security] use methodnoallow middleware
2018-08-19 22:58:41,909 INFO 62269 [egg-security] use noopen middleware
2018-08-19 22:58:41,909 INFO 62269 [egg-security] use nosniff middleware
2018-08-19 22:58:41,910 INFO 62269 [egg-security] use xssProtection middleware
2018-08-19 22:58:41,910 INFO 62269 [egg-security] use xframe middleware
2018-08-19 22:58:41,910 INFO 62269 [egg-security] use dta middleware
2018-08-19 22:58:41,910 INFO 62269 [egg-security] compose 7 middlewares into one security middleware
2018-08-19 22:58:41,924 INFO 62269 [egg:core] dump config after load, 10ms
2018-08-19 22:58:41,944 INFO 62269 [egg-watcher:app] watcher start success
2018-08-19 22:58:41,961 INFO 62269 [egg:core] dump config after ready, 15ms
2018-08-19 23:02:32,266 INFO 62290 [egg:logger] init all loggers with options: {"dir":"/Users/zhuxy/workspace/egg-example/logs/egg-example","encoding":"utf8","env":"local","level":"INFO","consoleLevel":"INFO","disableConsoleAfterReady":false,"outputJSON":false,"buffer":true,"appLogName":"egg-example-web.log","coreLogName":"egg-web.log","agentLogName":"egg-agent.log","errorLogName":"common-error.log","coreLogger":{"consoleLevel":"WARN"},"allowDebugAtProd":false,"type":"application"}
2018-08-19 23:02:32,301 INFO 62290 [egg-schedule]: register schedule /Users/zhuxy/workspace/egg-example/node_modules/egg-logrotator/app/schedule/clean_log.js
2018-08-19 23:02:32,301 INFO 62290 [egg-schedule]: register schedule /Users/zhuxy/workspace/egg-example/node_modules/egg-logrotator/app/schedule/rotate_by_file.js
2018-08-19 23:02:32,336 INFO 62290 [egg-static] starting static serve /public/ -> /Users/zhuxy/workspace/egg-example/app/public
2018-08-19 23:02:32,338 INFO 62290 [egg-security] use csrf middleware
2018-08-19 23:02:32,338 INFO 62290 [egg-security] use methodnoallow middleware
2018-08-19 23:02:32,339 INFO 62290 [egg-security] use noopen middleware
2018-08-19 23:02:32,339 INFO 62290 [egg-security] use nosniff middleware
2018-08-19 23:02:32,340 INFO 62290 [egg-security] use xssProtection middleware
2018-08-19 23:02:32,340 INFO 62290 [egg-security] use xframe middleware
2018-08-19 23:02:32,340 INFO 62290 [egg-security] use dta middleware
2018-08-19 23:02:32,340 INFO 62290 [egg-security] compose 7 middlewares into one security middleware
2018-08-19 23:02:32,348 INFO 62290 [egg:core] dump config after load, 4ms
2018-08-19 23:02:32,359 INFO 62290 [egg-watcher:app] watcher start success
2018-08-19 23:02:32,364 INFO 62290 [egg:core] dump config after ready, 3ms
2018-08-19 23:18:49,587 INFO 62387 [egg:logger] init all loggers with options: {"dir":"/Users/zhuxy/workspace/egg-example/logs/egg-example","encoding":"utf8","env":"local","level":"INFO","consoleLevel":"INFO","disableConsoleAfterReady":false,"outputJSON":false,"buffer":true,"appLogName":"egg-example-web.log","coreLogName":"egg-web.log","agentLogName":"egg-agent.log","errorLogName":"common-error.log","coreLogger":{"consoleLevel":"WARN"},"allowDebugAtProd":false,"type":"application"}
2018-08-19 23:18:49,626 INFO 62387 [egg-schedule]: register schedule /Users/zhuxy/workspace/egg-example/node_modules/egg-logrotator/app/schedule/clean_log.js
2018-08-19 23:18:49,626 INFO 62387 [egg-schedule]: register schedule /Users/zhuxy/workspace/egg-example/node_modules/egg-logrotator/app/schedule/rotate_by_file.js
2018-08-19 23:18:49,703 INFO 62387 [egg-static] starting static serve /public/ -> /Users/zhuxy/workspace/egg-example/app/public
2018-08-19 23:18:49,705 INFO 62387 [egg-security] use csrf middleware
2018-08-19 23:18:49,706 INFO 62387 [egg-security] use methodnoallow middleware
2018-08-19 23:18:49,707 INFO 62387 [egg-security] use noopen middleware
2018-08-19 23:18:49,708 INFO 62387 [egg-security] use nosniff middleware
2018-08-19 23:18:49,708 INFO 62387 [egg-security] use xssProtection middleware
2018-08-19 23:18:49,709 INFO 62387 [egg-security] use xframe middleware
2018-08-19 23:18:49,710 INFO 62387 [egg-security] use dta middleware
2018-08-19 23:18:49,710 INFO 62387 [egg-security] compose 7 middlewares into one security middleware
2018-08-19 23:18:49,721 INFO 62387 [egg:core] dump config after load, 5ms
2018-08-19 23:18:49,735 INFO 62387 [egg-watcher:app] watcher start success
2018-08-19 23:18:49,741 INFO 62387 [egg:core] dump config after ready, 5ms
2018-08-19 23:19:01,817 INFO 62389 [egg:logger] init all loggers with options: {"dir":"/Users/zhuxy/workspace/egg-example/logs/egg-example","encoding":"utf8","env":"local","level":"INFO","consoleLevel":"INFO","disableConsoleAfterReady":false,"outputJSON":false,"buffer":true,"appLogName":"egg-example-web.log","coreLogName":"egg-web.log","agentLogName":"egg-agent.log","errorLogName":"common-error.log","coreLogger":{"consoleLevel":"WARN"},"allowDebugAtProd":false,"type":"application"}
2018-08-19 23:19:01,867 INFO 62389 [egg-schedule]: register schedule /Users/zhuxy/workspace/egg-example/node_modules/egg-logrotator/app/schedule/clean_log.js
2018-08-19 23:19:01,867 INFO 62389 [egg-schedule]: register schedule /Users/zhuxy/workspace/egg-example/node_modules/egg-logrotator/app/schedule/rotate_by_file.js
2018-08-19 23:19:01,936 INFO 62389 [egg-static] starting static serve /public/ -> /Users/zhuxy/workspace/egg-example/app/public
2018-08-19 23:19:01,938 INFO 62389 [egg-security] use csrf middleware
2018-08-19 23:19:01,939 INFO 62389 [egg-security] use methodnoallow middleware
2018-08-19 23:19:01,940 INFO 62389 [egg-security] use noopen middleware
2018-08-19 23:19:01,941 INFO 62389 [egg-security] use nosniff middleware
2018-08-19 23:19:01,941 INFO 62389 [egg-security] use xssProtection middleware
2018-08-19 23:19:01,942 INFO 62389 [egg-security] use xframe middleware
2018-08-19 23:19:01,943 INFO 62389 [egg-security] use dta middleware
2018-08-19 23:19:01,943 INFO 62389 [egg-security] compose 7 middlewares into one security middleware
2018-08-19 23:19:01,954 INFO 62389 [egg:core] dump config after load, 5ms
2018-08-19 23:19:01,967 INFO 62389 [egg-watcher:app] watcher start success
2018-08-19 23:19:01,973 INFO 62389 [egg:core] dump config after ready, 5ms
2018-08-19 23:19:08,386 INFO 62391 [egg:logger] init all loggers with options: {"dir":"/Users/zhuxy/workspace/egg-example/logs/egg-example","encoding":"utf8","env":"local","level":"INFO","consoleLevel":"INFO","disableConsoleAfterReady":false,"outputJSON":false,"buffer":true,"appLogName":"egg-example-web.log","coreLogName":"egg-web.log","agentLogName":"egg-agent.log","errorLogName":"common-error.log","coreLogger":{"consoleLevel":"WARN"},"allowDebugAtProd":false,"type":"application"}
2018-08-19 23:19:08,419 INFO 62391 [egg-schedule]: register schedule /Users/zhuxy/workspace/egg-example/node_modules/egg-logrotator/app/schedule/clean_log.js
2018-08-19 23:19:08,419 INFO 62391 [egg-schedule]: register schedule /Users/zhuxy/workspace/egg-example/node_modules/egg-logrotator/app/schedule/rotate_by_file.js
2018-08-19 23:19:08,456 INFO 62391 [egg-static] starting static serve /public/ -> /Users/zhuxy/workspace/egg-example/app/public
2018-08-19 23:19:08,458 INFO 62391 [egg-security] use csrf middleware
2018-08-19 23:19:08,459 INFO 62391 [egg-security] use methodnoallow middleware
2018-08-19 23:19:08,459 INFO 62391 [egg-security] use noopen middleware
2018-08-19 23:19:08,459 INFO 62391 [egg-security] use nosniff middleware
2018-08-19 23:19:08,460 INFO 62391 [egg-security] use xssProtection middleware
2018-08-19 23:19:08,460 INFO 62391 [egg-security] use xframe middleware
2018-08-19 23:19:08,460 INFO 62391 [egg-security] use dta middleware
2018-08-19 23:19:08,460 INFO 62391 [egg-security] compose 7 middlewares into one security middleware
2018-08-19 23:19:08,468 INFO 62391 [egg:core] dump config after load, 4ms
2018-08-19 23:19:08,479 INFO 62391 [egg-watcher:app] watcher start success
2018-08-19 23:19:08,486 INFO 62391 [egg:core] dump config after ready, 4ms
2018-08-19 23:19:28,090 INFO 62392 [egg:logger] init all loggers with options: {"dir":"/Users/zhuxy/workspace/egg-example/logs/egg-example","encoding":"utf8","env":"local","level":"INFO","consoleLevel":"INFO","disableConsoleAfterReady":false,"outputJSON":false,"buffer":true,"appLogName":"egg-example-web.log","coreLogName":"egg-web.log","agentLogName":"egg-agent.log","errorLogName":"common-error.log","coreLogger":{"consoleLevel":"WARN"},"allowDebugAtProd":false,"type":"application"}
2018-08-19 23:19:28,121 INFO 62392 [egg-schedule]: register schedule /Users/zhuxy/workspace/egg-example/node_modules/egg-logrotator/app/schedule/clean_log.js
2018-08-19 23:19:28,121 INFO 62392 [egg-schedule]: register schedule /Users/zhuxy/workspace/egg-example/node_modules/egg-logrotator/app/schedule/rotate_by_file.js
2018-08-19 23:19:28,152 INFO 62392 [egg-static] starting static serve /public/ -> /Users/zhuxy/workspace/egg-example/app/public
2018-08-19 23:19:28,154 INFO 62392 [egg-security] use csrf middleware
2018-08-19 23:19:28,154 INFO 62392 [egg-security] use methodnoallow middleware
2018-08-19 23:19:28,155 INFO 62392 [egg-security] use noopen middleware
2018-08-19 23:19:28,155 INFO 62392 [egg-security] use nosniff middleware
2018-08-19 23:19:28,155 INFO 62392 [egg-security] use xssProtection middleware
2018-08-19 23:19:28,156 INFO 62392 [egg-security] use xframe middleware
2018-08-19 23:19:28,156 INFO 62392 [egg-security] use dta middleware
2018-08-19 23:19:28,156 INFO 62392 [egg-security] compose 7 middlewares into one security middleware
2018-08-19 23:19:28,164 INFO 62392 [egg:core] dump config after load, 4ms
2018-08-19 23:19:28,175 INFO 62392 [egg-watcher:app] watcher start success
2018-08-19 23:19:28,183 INFO 62392 [egg:core] dump config after ready, 6ms
2018-08-19 23:19:38,802 INFO 62393 [egg:logger] init all loggers with options: {"dir":"/Users/zhuxy/workspace/egg-example/logs/egg-example","encoding":"utf8","env":"local","level":"INFO","consoleLevel":"INFO","disableConsoleAfterReady":false,"outputJSON":false,"buffer":true,"appLogName":"egg-example-web.log","coreLogName":"egg-web.log","agentLogName":"egg-agent.log","errorLogName":"common-error.log","coreLogger":{"consoleLevel":"WARN"},"allowDebugAtProd":false,"type":"application"}
2018-08-19 23:19:38,836 INFO 62393 [egg-schedule]: register schedule /Users/zhuxy/workspace/egg-example/node_modules/egg-logrotator/app/schedule/clean_log.js
2018-08-19 23:19:38,836 INFO 62393 [egg-schedule]: register schedule /Users/zhuxy/workspace/egg-example/node_modules/egg-logrotator/app/schedule/rotate_by_file.js
2018-08-19 23:19:38,869 INFO 62393 [egg-static] starting static serve /public/ -> /Users/zhuxy/workspace/egg-example/app/public
2018-08-19 23:19:38,871 INFO 62393 [egg-security] use csrf middleware
2018-08-19 23:19:38,872 INFO 62393 [egg-security] use methodnoallow middleware
2018-08-19 23:19:38,872 INFO 62393 [egg-security] use noopen middleware
2018-08-19 23:19:38,873 INFO 62393 [egg-security] use nosniff middleware
2018-08-19 23:19:38,873 INFO 62393 [egg-security] use xssProtection middleware
2018-08-19 23:19:38,873 INFO 62393 [egg-security] use xframe middleware
2018-08-19 23:19:38,874 INFO 62393 [egg-security] use dta middleware
2018-08-19 23:19:38,874 INFO 62393 [egg-security] compose 7 middlewares into one security middleware
2018-08-19 23:19:38,882 INFO 62393 [egg:core] dump config after load, 5ms
2018-08-19 23:19:38,894 INFO 62393 [egg-watcher:app] watcher start success
2018-08-19 23:19:38,899 INFO 62393 [egg:core] dump config after ready, 3ms
2018-08-19 23:20:17,145 INFO 62398 [egg:logger] init all loggers with options: {"dir":"/Users/zhuxy/workspace/egg-example/logs/egg-example","encoding":"utf8","env":"local","level":"INFO","consoleLevel":"INFO","disableConsoleAfterReady":false,"outputJSON":false,"buffer":true,"appLogName":"egg-example-web.log","coreLogName":"egg-web.log","agentLogName":"egg-agent.log","errorLogName":"common-error.log","coreLogger":{"consoleLevel":"WARN"},"allowDebugAtProd":false,"type":"application"}
2018-08-19 23:20:17,182 INFO 62398 [egg-schedule]: register schedule /Users/zhuxy/workspace/egg-example/node_modules/egg-logrotator/app/schedule/clean_log.js
2018-08-19 23:20:17,183 INFO 62398 [egg-schedule]: register schedule /Users/zhuxy/workspace/egg-example/node_modules/egg-logrotator/app/schedule/rotate_by_file.js
2018-08-19 23:20:17,257 INFO 62398 [egg-static] starting static serve /public/ -> /Users/zhuxy/workspace/egg-example/app/public
2018-08-19 23:20:17,259 INFO 62398 [egg-security] use csrf middleware
2018-08-19 23:20:17,260 INFO 62398 [egg-security] use methodnoallow middleware
2018-08-19 23:20:17,261 INFO 62398 [egg-security] use noopen middleware
2018-08-19 23:20:17,262 INFO 62398 [egg-security] use nosniff middleware
2018-08-19 23:20:17,262 INFO 62398 [egg-security] use xssProtection middleware
2018-08-19 23:20:17,263 INFO 62398 [egg-security] use xframe middleware
2018-08-19 23:20:17,264 INFO 62398 [egg-security] use dta middleware
2018-08-19 23:20:17,264 INFO 62398 [egg-security] compose 7 middlewares into one security middleware
2018-08-19 23:20:17,274 INFO 62398 [egg:core] dump config after load, 5ms
2018-08-19 23:20:17,285 INFO 62398 [egg-watcher:app] watcher start success
2018-08-19 23:20:17,290 INFO 62398 [egg:core] dump config after ready, 3ms
2018-08-19 23:20:56,273 INFO 62400 [egg:logger] init all loggers with options: {"dir":"/Users/zhuxy/workspace/egg-example/logs/egg-example","encoding":"utf8","env":"local","level":"INFO","consoleLevel":"INFO","disableConsoleAfterReady":false,"outputJSON":false,"buffer":true,"appLogName":"egg-example-web.log","coreLogName":"egg-web.log","agentLogName":"egg-agent.log","errorLogName":"common-error.log","coreLogger":{"consoleLevel":"WARN"},"allowDebugAtProd":false,"type":"application"}
2018-08-19 23:20:56,312 INFO 62400 [egg-schedule]: register schedule /Users/zhuxy/workspace/egg-example/node_modules/egg-logrotator/app/schedule/clean_log.js
2018-08-19 23:20:56,312 INFO 62400 [egg-schedule]: register schedule /Users/zhuxy/workspace/egg-example/node_modules/egg-logrotator/app/schedule/rotate_by_file.js
2018-08-19 23:20:56,381 INFO 62400 [egg-static] starting static serve /public/ -> /Users/zhuxy/workspace/egg-example/app/public
2018-08-19 23:20:56,384 INFO 62400 [egg-security] use csrf middleware
2018-08-19 23:20:56,385 INFO 62400 [egg-security] use methodnoallow middleware
2018-08-19 23:20:56,385 INFO 62400 [egg-security] use noopen middleware
2018-08-19 23:20:56,386 INFO 62400 [egg-security] use nosniff middleware
2018-08-19 23:20:56,387 INFO 62400 [egg-security] use xssProtection middleware
2018-08-19 23:20:56,388 INFO 62400 [egg-security] use xframe middleware
2018-08-19 23:20:56,388 INFO 62400 [egg-security] use dta middleware
2018-08-19 23:20:56,388 INFO 62400 [egg-security] compose 7 middlewares into one security middleware
2018-08-19 23:20:56,398 INFO 62400 [egg:core] dump config after load, 5ms
2018-08-19 23:20:56,410 INFO 62400 [egg-watcher:app] watcher start success
2018-08-19 23:20:56,416 INFO 62400 [egg:core] dump config after ready, 4ms
2018-08-19 23:21:03,151 INFO 62400 [egg-view-nunjucks] loading templates from ["/Users/zhuxy/workspace/egg-example/app/view"]
2018-08-19 23:21:24,972 INFO 62403 [egg:logger] init all loggers with options: {"dir":"/Users/zhuxy/workspace/egg-example/logs/egg-example","encoding":"utf8","env":"local","level":"INFO","consoleLevel":"INFO","disableConsoleAfterReady":false,"outputJSON":false,"buffer":true,"appLogName":"egg-example-web.log","coreLogName":"egg-web.log","agentLogName":"egg-agent.log","errorLogName":"common-error.log","coreLogger":{"consoleLevel":"WARN"},"allowDebugAtProd":false,"type":"application"}
2018-08-19 23:21:25,050 INFO 62403 [egg-schedule]: register schedule /Users/zhuxy/workspace/egg-example/node_modules/egg-logrotator/app/schedule/clean_log.js
2018-08-19 23:21:25,050 INFO 62403 [egg-schedule]: register schedule /Users/zhuxy/workspace/egg-example/node_modules/egg-logrotator/app/schedule/rotate_by_file.js
2018-08-19 23:21:25,128 INFO 62403 [egg-static] starting static serve /public/ -> /Users/zhuxy/workspace/egg-example/app/public
2018-08-19 23:21:25,131 INFO 62403 [egg-security] use csrf middleware
2018-08-19 23:21:25,132 INFO 62403 [egg-security] use methodnoallow middleware
2018-08-19 23:21:25,133 INFO 62403 [egg-security] use noopen middleware
2018-08-19 23:21:25,133 INFO 62403 [egg-security] use nosniff middleware
2018-08-19 23:21:25,134 INFO 62403 [egg-security] use xssProtection middleware
2018-08-19 23:21:25,135 INFO 62403 [egg-security] use xframe middleware
2018-08-19 23:21:25,136 INFO 62403 [egg-security] use dta middleware
2018-08-19 23:21:25,136 INFO 62403 [egg-security] compose 7 middlewares into one security middleware
2018-08-19 23:21:25,146 INFO 62403 [egg:core] dump config after load, 4ms
2018-08-19 23:21:25,162 INFO 62403 [egg-watcher:app] watcher start success
2018-08-19 23:21:25,170 INFO 62403 [egg:core] dump config after ready, 5ms
2018-08-19 23:23:13,268 INFO 62412 [egg:logger] init all loggers with options: {"dir":"/Users/zhuxy/workspace/egg-example/logs/egg-example","encoding":"utf8","env":"local","level":"INFO","consoleLevel":"INFO","disableConsoleAfterReady":false,"outputJSON":false,"buffer":true,"appLogName":"egg-example-web.log","coreLogName":"egg-web.log","agentLogName":"egg-agent.log","errorLogName":"common-error.log","coreLogger":{"consoleLevel":"WARN"},"allowDebugAtProd":false,"type":"application"}
2018-08-19 23:23:13,308 INFO 62412 [egg-schedule]: register schedule /Users/zhuxy/workspace/egg-example/node_modules/egg-logrotator/app/schedule/clean_log.js
2018-08-19 23:23:13,308 INFO 62412 [egg-schedule]: register schedule /Users/zhuxy/workspace/egg-example/node_modules/egg-logrotator/app/schedule/rotate_by_file.js
2018-08-19 23:23:13,382 INFO 62412 [egg-static] starting static serve /public/ -> /Users/zhuxy/workspace/egg-example/app/public
2018-08-19 23:23:13,385 INFO 62412 [egg-security] use csrf middleware
2018-08-19 23:23:13,386 INFO 62412 [egg-security] use methodnoallow middleware
2018-08-19 23:23:13,387 INFO 62412 [egg-security] use noopen middleware
2018-08-19 23:23:13,387 INFO 62412 [egg-security] use nosniff middleware
2018-08-19 23:23:13,388 INFO 62412 [egg-security] use xssProtection middleware
2018-08-19 23:23:13,389 INFO 62412 [egg-security] use xframe middleware
2018-08-19 23:23:13,390 INFO 62412 [egg-security] use dta middleware
2018-08-19 23:23:13,390 INFO 62412 [egg-security] compose 7 middlewares into one security middleware
2018-08-19 23:23:13,402 INFO 62412 [egg:core] dump config after load, 6ms
2018-08-19 23:23:13,413 INFO 62412 [egg-watcher:app] watcher start success
2018-08-19 23:23:13,418 INFO 62412 [egg:core] dump config after ready, 4ms
2018-08-19 23:23:17,965 INFO 62412 [egg-view-nunjucks] loading templates from ["/Users/zhuxy/workspace/egg-example/app/view"]
2018-08-19 23:24:07,763 INFO 62416 [egg:logger] init all loggers with options: {"dir":"/Users/zhuxy/workspace/egg-example/logs/egg-example","encoding":"utf8","env":"local","level":"INFO","consoleLevel":"INFO","disableConsoleAfterReady":false,"outputJSON":false,"buffer":true,"appLogName":"egg-example-web.log","coreLogName":"egg-web.log","agentLogName":"egg-agent.log","errorLogName":"common-error.log","coreLogger":{"consoleLevel":"WARN"},"allowDebugAtProd":false,"type":"application"}
2018-08-19 23:24:07,801 INFO 62416 [egg-schedule]: register schedule /Users/zhuxy/workspace/egg-example/node_modules/egg-logrotator/app/schedule/clean_log.js
2018-08-19 23:24:07,801 INFO 62416 [egg-schedule]: register schedule /Users/zhuxy/workspace/egg-example/node_modules/egg-logrotator/app/schedule/rotate_by_file.js
2018-08-19 23:24:07,870 INFO 62416 [egg-static] starting static serve /public/ -> /Users/zhuxy/workspace/egg-example/app/public
2018-08-19 23:24:07,872 INFO 62416 [egg-security] use csrf middleware
2018-08-19 23:24:07,873 INFO 62416 [egg-security] use methodnoallow middleware
2018-08-19 23:24:07,874 INFO 62416 [egg-security] use noopen middleware
2018-08-19 23:24:07,875 INFO 62416 [egg-security] use nosniff middleware
2018-08-19 23:24:07,875 INFO 62416 [egg-security] use xssProtection middleware
2018-08-19 23:24:07,876 INFO 62416 [egg-security] use xframe middleware
2018-08-19 23:24:07,877 INFO 62416 [egg-security] use dta middleware
2018-08-19 23:24:07,877 INFO 62416 [egg-security] compose 7 middlewares into one security middleware
2018-08-19 23:24:07,889 INFO 62416 [egg:core] dump config after load, 7ms
2018-08-19 23:24:07,903 INFO 62416 [egg-watcher:app] watcher start success
2018-08-19 23:24:07,909 INFO 62416 [egg:core] dump config after ready, 3ms
2018-08-19 23:24:38,943 INFO 62416 [egg-view-nunjucks] loading templates from ["/Users/zhuxy/workspace/egg-example/app/view"]
2018-08-19 23:31:03,934 INFO 62458 [egg:logger] init all loggers with options: {"dir":"/Users/zhuxy/workspace/egg-example/logs/egg-example","encoding":"utf8","env":"local","level":"INFO","consoleLevel":"INFO","disableConsoleAfterReady":false,"outputJSON":false,"buffer":true,"appLogName":"egg-example-web.log","coreLogName":"egg-web.log","agentLogName":"egg-agent.log","errorLogName":"common-error.log","coreLogger":{"consoleLevel":"WARN"},"allowDebugAtProd":false,"type":"application"}
2018-08-19 23:31:03,973 INFO 62458 [egg-schedule]: register schedule /Users/zhuxy/workspace/egg-example/node_modules/egg-logrotator/app/schedule/clean_log.js
2018-08-19 23:31:03,973 INFO 62458 [egg-schedule]: register schedule /Users/zhuxy/workspace/egg-example/node_modules/egg-logrotator/app/schedule/rotate_by_file.js
2018-08-19 23:31:04,053 INFO 62458 [egg-static] starting static serve /public/ -> /Users/zhuxy/workspace/egg-example/app/public
2018-08-19 23:31:04,055 INFO 62458 [egg-security] use csrf middleware
2018-08-19 23:31:04,056 INFO 62458 [egg-security] use methodnoallow middleware
2018-08-19 23:31:04,057 INFO 62458 [egg-security] use noopen middleware
2018-08-19 23:31:04,058 INFO 62458 [egg-security] use nosniff middleware
2018-08-19 23:31:04,059 INFO 62458 [egg-security] use xssProtection middleware
2018-08-19 23:31:04,059 INFO 62458 [egg-security] use xframe middleware
2018-08-19 23:31:04,060 INFO 62458 [egg-security] use dta middleware
2018-08-19 23:31:04,060 INFO 62458 [egg-security] compose 7 middlewares into one security middleware
2018-08-19 23:31:04,078 INFO 62458 [egg:core] dump config after load, 9ms
2018-08-19 23:31:04,096 INFO 62458 [egg-watcher:app] watcher start success
2018-08-19 23:31:04,105 INFO 62458 [egg:core] dump config after ready, 5ms
2018-08-19 23:31:13,005 INFO 62458 [egg-view-nunjucks] loading templates from ["/Users/zhuxy/workspace/egg-example/app/view"]
2018-08-19 23:32:25,640 INFO 62470 [egg:logger] init all loggers with options: {"dir":"/Users/zhuxy/workspace/egg-example/logs/egg-example","encoding":"utf8","env":"local","level":"INFO","consoleLevel":"INFO","disableConsoleAfterReady":false,"outputJSON":false,"buffer":true,"appLogName":"egg-example-web.log","coreLogName":"egg-web.log","agentLogName":"egg-agent.log","errorLogName":"common-error.log","coreLogger":{"consoleLevel":"WARN"},"allowDebugAtProd":false,"type":"application"}
2018-08-19 23:32:25,678 INFO 62470 [egg-schedule]: register schedule /Users/zhuxy/workspace/egg-example/node_modules/egg-logrotator/app/schedule/clean_log.js
2018-08-19 23:32:25,678 INFO 62470 [egg-schedule]: register schedule /Users/zhuxy/workspace/egg-example/node_modules/egg-logrotator/app/schedule/rotate_by_file.js
2018-08-19 23:32:25,751 INFO 62470 [egg-static] starting static serve /public/ -> /Users/zhuxy/workspace/egg-example/app/public
2018-08-19 23:32:25,753 INFO 62470 [egg-security] use csrf middleware
2018-08-19 23:32:25,754 INFO 62470 [egg-security] use methodnoallow middleware
2018-08-19 23:32:25,755 INFO 62470 [egg-security] use noopen middleware
2018-08-19 23:32:25,756 INFO 62470 [egg-security] use nosniff middleware
2018-08-19 23:32:25,757 INFO 62470 [egg-security] use xssProtection middleware
2018-08-19 23:32:25,757 INFO 62470 [egg-security] use xframe middleware
2018-08-19 23:32:25,758 INFO 62470 [egg-security] use dta middleware
2018-08-19 23:32:25,758 INFO 62470 [egg-security] compose 7 middlewares into one security middleware
2018-08-19 23:32:25,769 INFO 62470 [egg:core] dump config after load, 6ms
2018-08-19 23:32:25,785 INFO 62470 [egg-watcher:app] watcher start success
2018-08-19 23:32:25,790 INFO 62470 [egg:core] dump config after ready, 4ms
2018-08-19 23:32:42,052 INFO 62472 [egg:logger] init all loggers with options: {"dir":"/Users/zhuxy/workspace/egg-example/logs/egg-example","encoding":"utf8","env":"local","level":"INFO","consoleLevel":"INFO","disableConsoleAfterReady":false,"outputJSON":false,"buffer":true,"appLogName":"egg-example-web.log","coreLogName":"egg-web.log","agentLogName":"egg-agent.log","errorLogName":"common-error.log","coreLogger":{"consoleLevel":"WARN"},"allowDebugAtProd":false,"type":"application"}
2018-08-19 23:32:42,088 INFO 62472 [egg-schedule]: register schedule /Users/zhuxy/workspace/egg-example/node_modules/egg-logrotator/app/schedule/clean_log.js
2018-08-19 23:32:42,088 INFO 62472 [egg-schedule]: register schedule /Users/zhuxy/workspace/egg-example/node_modules/egg-logrotator/app/schedule/rotate_by_file.js
2018-08-19 23:32:42,155 INFO 62472 [egg-static] starting static serve /public/ -> /Users/zhuxy/workspace/egg-example/app/public
2018-08-19 23:32:42,158 INFO 62472 [egg-security] use csrf middleware
2018-08-19 23:32:42,159 INFO 62472 [egg-security] use methodnoallow middleware
2018-08-19 23:32:42,160 INFO 62472 [egg-security] use noopen middleware
2018-08-19 23:32:42,161 INFO 62472 [egg-security] use nosniff middleware
2018-08-19 23:32:42,161 INFO 62472 [egg-security] use xssProtection middleware
2018-08-19 23:32:42,162 INFO 62472 [egg-security] use xframe middleware
2018-08-19 23:32:42,163 INFO 62472 [egg-security] use dta middleware
2018-08-19 23:32:42,163 INFO 62472 [egg-security] compose 7 middlewares into one security middleware
2018-08-19 23:32:42,173 INFO 62472 [egg:core] dump config after load, 4ms
2018-08-19 23:32:42,189 INFO 62472 [egg-watcher:app] watcher start success
2018-08-19 23:32:42,197 INFO 62472 [egg:core] dump config after ready, 6ms
2018-08-19 23:32:44,281 INFO 62474 [egg:logger] init all loggers with options: {"dir":"/Users/zhuxy/workspace/egg-example/logs/egg-example","encoding":"utf8","env":"local","level":"INFO","consoleLevel":"INFO","disableConsoleAfterReady":false,"outputJSON":false,"buffer":true,"appLogName":"egg-example-web.log","coreLogName":"egg-web.log","agentLogName":"egg-agent.log","errorLogName":"common-error.log","coreLogger":{"consoleLevel":"WARN"},"allowDebugAtProd":false,"type":"application"}
2018-08-19 23:32:44,336 INFO 62474 [egg-schedule]: register schedule /Users/zhuxy/workspace/egg-example/node_modules/egg-logrotator/app/schedule/clean_log.js
2018-08-19 23:32:44,336 INFO 62474 [egg-schedule]: register schedule /Users/zhuxy/workspace/egg-example/node_modules/egg-logrotator/app/schedule/rotate_by_file.js
2018-08-19 23:32:44,374 INFO 62474 [egg-static] starting static serve /public/ -> /Users/zhuxy/workspace/egg-example/app/public
2018-08-19 23:32:44,377 INFO 62474 [egg-security] use csrf middleware
2018-08-19 23:32:44,379 INFO 62474 [egg-security] use methodnoallow middleware
2018-08-19 23:32:44,380 INFO 62474 [egg-security] use noopen middleware
2018-08-19 23:32:44,381 INFO 62474 [egg-security] use nosniff middleware
2018-08-19 23:32:44,381 INFO 62474 [egg-security] use xssProtection middleware
2018-08-19 23:32:44,381 INFO 62474 [egg-security] use xframe middleware
2018-08-19 23:32:44,382 INFO 62474 [egg-security] use dta middleware
2018-08-19 23:32:44,382 INFO 62474 [egg-security] compose 7 middlewares into one security middleware
2018-08-19 23:32:44,391 INFO 62474 [egg:core] dump config after load, 4ms
2018-08-19 23:32:44,411 INFO 62474 [egg-watcher:app] watcher start success
2018-08-19 23:32:44,420 INFO 62474 [egg:core] dump config after ready, 6ms
2018-08-19 23:32:47,973 INFO 62476 [egg:logger] init all loggers with options: {"dir":"/Users/zhuxy/workspace/egg-example/logs/egg-example","encoding":"utf8","env":"local","level":"INFO","consoleLevel":"INFO","disableConsoleAfterReady":false,"outputJSON":false,"buffer":true,"appLogName":"egg-example-web.log","coreLogName":"egg-web.log","agentLogName":"egg-agent.log","errorLogName":"common-error.log","coreLogger":{"consoleLevel":"WARN"},"allowDebugAtProd":false,"type":"application"}
2018-08-19 23:32:48,006 INFO 62476 [egg-schedule]: register schedule /Users/zhuxy/workspace/egg-example/node_modules/egg-logrotator/app/schedule/clean_log.js
2018-08-19 23:32:48,006 INFO 62476 [egg-schedule]: register schedule /Users/zhuxy/workspace/egg-example/node_modules/egg-logrotator/app/schedule/rotate_by_file.js
2018-08-19 23:32:48,045 INFO 62476 [egg-static] starting static serve /public/ -> /Users/zhuxy/workspace/egg-example/app/public
2018-08-19 23:32:48,047 INFO 62476 [egg-security] use csrf middleware
2018-08-19 23:32:48,047 INFO 62476 [egg-security] use methodnoallow middleware
2018-08-19 23:32:48,048 INFO 62476 [egg-security] use noopen middleware
2018-08-19 23:32:48,048 INFO 62476 [egg-security] use nosniff middleware
2018-08-19 23:32:48,048 INFO 62476 [egg-security] use xssProtection middleware
2018-08-19 23:32:48,048 INFO 62476 [egg-security] use xframe middleware
2018-08-19 23:32:48,049 INFO 62476 [egg-security] use dta middleware
2018-08-19 23:32:48,049 INFO 62476 [egg-security] compose 7 middlewares into one security middleware
2018-08-19 23:32:48,059 INFO 62476 [egg:core] dump config after load, 6ms
2018-08-19 23:32:48,070 INFO 62476 [egg-watcher:app] watcher start success
2018-08-19 23:32:48,078 INFO 62476 [egg:core] dump config after ready, 7ms
2018-08-19 23:32:48,757 INFO 62477 [egg:logger] init all loggers with options: {"dir":"/Users/zhuxy/workspace/egg-example/logs/egg-example","encoding":"utf8","env":"local","level":"INFO","consoleLevel":"INFO","disableConsoleAfterReady":false,"outputJSON":false,"buffer":true,"appLogName":"egg-example-web.log","coreLogName":"egg-web.log","agentLogName":"egg-agent.log","errorLogName":"common-error.log","coreLogger":{"consoleLevel":"WARN"},"allowDebugAtProd":false,"type":"application"}
2018-08-19 23:32:48,793 INFO 62477 [egg-schedule]: register schedule /Users/zhuxy/workspace/egg-example/node_modules/egg-logrotator/app/schedule/clean_log.js
2018-08-19 23:32:48,793 INFO 62477 [egg-schedule]: register schedule /Users/zhuxy/workspace/egg-example/node_modules/egg-logrotator/app/schedule/rotate_by_file.js
2018-08-19 23:32:48,828 INFO 62477 [egg-static] starting static serve /public/ -> /Users/zhuxy/workspace/egg-example/app/public
2018-08-19 23:32:48,830 INFO 62477 [egg-security] use csrf middleware
2018-08-19 23:32:48,830 INFO 62477 [egg-security] use methodnoallow middleware
2018-08-19 23:32:48,830 INFO 62477 [egg-security] use noopen middleware
2018-08-19 23:32:48,831 INFO 62477 [egg-security] use nosniff middleware
2018-08-19 23:32:48,831 INFO 62477 [egg-security] use xssProtection middleware
2018-08-19 23:32:48,831 INFO 62477 [egg-security] use xframe middleware
2018-08-19 23:32:48,832 INFO 62477 [egg-security] use dta middleware
2018-08-19 23:32:48,832 INFO 62477 [egg-security] compose 7 middlewares into one security middleware
2018-08-19 23:32:48,840 INFO 62477 [egg:core] dump config after load, 4ms
2018-08-19 23:32:48,855 INFO 62477 [egg-watcher:app] watcher start success
2018-08-19 23:32:48,861 INFO 62477 [egg:core] dump config after ready, 4ms
2018-08-19 23:33:05,536 INFO 62479 [egg:logger] init all loggers with options: {"dir":"/Users/zhuxy/workspace/egg-example/logs/egg-example","encoding":"utf8","env":"local","level":"INFO","consoleLevel":"INFO","disableConsoleAfterReady":false,"outputJSON":false,"buffer":true,"appLogName":"egg-example-web.log","coreLogName":"egg-web.log","agentLogName":"egg-agent.log","errorLogName":"common-error.log","coreLogger":{"consoleLevel":"WARN"},"allowDebugAtProd":false,"type":"application"}
2018-08-19 23:33:05,576 INFO 62479 [egg-schedule]: register schedule /Users/zhuxy/workspace/egg-example/node_modules/egg-logrotator/app/schedule/clean_log.js
2018-08-19 23:33:05,576 INFO 62479 [egg-schedule]: register schedule /Users/zhuxy/workspace/egg-example/node_modules/egg-logrotator/app/schedule/rotate_by_file.js
2018-08-19 23:33:05,645 INFO 62479 [egg-static] starting static serve /public/ -> /Users/zhuxy/workspace/egg-example/app/public
2018-08-19 23:33:05,647 INFO 62479 [egg-security] use csrf middleware
2018-08-19 23:33:05,648 INFO 62479 [egg-security] use methodnoallow middleware
2018-08-19 23:33:05,649 INFO 62479 [egg-security] use noopen middleware
2018-08-19 23:33:05,650 INFO 62479 [egg-security] use nosniff middleware
2018-08-19 23:33:05,650 INFO 62479 [egg-security] use xssProtection middleware
2018-08-19 23:33:05,651 INFO 62479 [egg-security] use xframe middleware
2018-08-19 23:33:05,652 INFO 62479 [egg-security] use dta middleware
2018-08-19 23:33:05,652 INFO 62479 [egg-security] compose 7 middlewares into one security middleware
2018-08-19 23:33:05,663 INFO 62479 [egg:core] dump config after load, 5ms
2018-08-19 23:33:05,675 INFO 62479 [egg-watcher:app] watcher start success
2018-08-19 23:33:05,682 INFO 62479 [egg:core] dump config after ready, 5ms
2018-08-19 23:33:28,785 INFO 62480 [egg:logger] init all loggers with options: {"dir":"/Users/zhuxy/workspace/egg-example/logs/egg-example","encoding":"utf8","env":"local","level":"INFO","consoleLevel":"INFO","disableConsoleAfterReady":false,"outputJSON":false,"buffer":true,"appLogName":"egg-example-web.log","coreLogName":"egg-web.log","agentLogName":"egg-agent.log","errorLogName":"common-error.log","coreLogger":{"consoleLevel":"WARN"},"allowDebugAtProd":false,"type":"application"}
2018-08-19 23:33:28,823 INFO 62480 [egg-schedule]: register schedule /Users/zhuxy/workspace/egg-example/node_modules/egg-logrotator/app/schedule/clean_log.js
2018-08-19 23:33:28,823 INFO 62480 [egg-schedule]: register schedule /Users/zhuxy/workspace/egg-example/node_modules/egg-logrotator/app/schedule/rotate_by_file.js
2018-08-19 23:33:28,891 INFO 62480 [egg-static] starting static serve /public/ -> /Users/zhuxy/workspace/egg-example/app/public
2018-08-19 23:33:28,894 INFO 62480 [egg-security] use csrf middleware
2018-08-19 23:33:28,895 INFO 62480 [egg-security] use methodnoallow middleware
2018-08-19 23:33:28,896 INFO 62480 [egg-security] use noopen middleware
2018-08-19 23:33:28,897 INFO 62480 [egg-security] use nosniff middleware
2018-08-19 23:33:28,898 INFO 62480 [egg-security] use xssProtection middleware
2018-08-19 23:33:28,899 INFO 62480 [egg-security] use xframe middleware
2018-08-19 23:33:28,899 INFO 62480 [egg-security] use dta middleware
2018-08-19 23:33:28,899 INFO 62480 [egg-security] compose 7 middlewares into one security middleware
2018-08-19 23:33:28,909 INFO 62480 [egg:core] dump config after load, 4ms
2018-08-19 23:33:28,920 INFO 62480 [egg-watcher:app] watcher start success
2018-08-19 23:33:28,926 INFO 62480 [egg:core] dump config after ready, 4ms
2018-08-19 23:33:45,549 INFO 62482 [egg:logger] init all loggers with options: {"dir":"/Users/zhuxy/workspace/egg-example/logs/egg-example","encoding":"utf8","env":"local","level":"INFO","consoleLevel":"INFO","disableConsoleAfterReady":false,"outputJSON":false,"buffer":true,"appLogName":"egg-example-web.log","coreLogName":"egg-web.log","agentLogName":"egg-agent.log","errorLogName":"common-error.log","coreLogger":{"consoleLevel":"WARN"},"allowDebugAtProd":false,"type":"application"}
2018-08-19 23:33:45,607 INFO 62482 [egg-schedule]: register schedule /Users/zhuxy/workspace/egg-example/node_modules/egg-logrotator/app/schedule/clean_log.js
2018-08-19 23:33:45,607 INFO 62482 [egg-schedule]: register schedule /Users/zhuxy/workspace/egg-example/node_modules/egg-logrotator/app/schedule/rotate_by_file.js
2018-08-19 23:33:45,694 INFO 62482 [egg-static] starting static serve /public/ -> /Users/zhuxy/workspace/egg-example/app/public
2018-08-19 23:33:45,696 INFO 62482 [egg-security] use csrf middleware
2018-08-19 23:33:45,697 INFO 62482 [egg-security] use methodnoallow middleware
2018-08-19 23:33:45,698 INFO 62482 [egg-security] use noopen middleware
2018-08-19 23:33:45,699 INFO 62482 [egg-security] use nosniff middleware
2018-08-19 23:33:45,700 INFO 62482 [egg-security] use xssProtection middleware
2018-08-19 23:33:45,700 INFO 62482 [egg-security] use xframe middleware
2018-08-19 23:33:45,701 INFO 62482 [egg-security] use dta middleware
2018-08-19 23:33:45,701 INFO 62482 [egg-security] compose 7 middlewares into one security middleware
2018-08-19 23:33:45,715 INFO 62482 [egg:core] dump config after load, 7ms
2018-08-19 23:33:45,730 INFO 62482 [egg-watcher:app] watcher start success
2018-08-19 23:33:45,737 INFO 62482 [egg:core] dump config after ready, 5ms
2018-08-19 23:38:38,579 INFO 62547 [egg:logger] init all loggers with options: {"dir":"/Users/zhuxy/workspace/egg-example/logs/egg-example","encoding":"utf8","env":"local","level":"INFO","consoleLevel":"INFO","disableConsoleAfterReady":false,"outputJSON":false,"buffer":true,"appLogName":"egg-example-web.log","coreLogName":"egg-web.log","agentLogName":"egg-agent.log","errorLogName":"common-error.log","coreLogger":{"consoleLevel":"WARN"},"allowDebugAtProd":false,"type":"application"}
2018-08-19 23:38:38,609 INFO 62547 [egg-schedule]: register schedule /Users/zhuxy/workspace/egg-example/node_modules/egg-logrotator/app/schedule/clean_log.js
2018-08-19 23:38:38,609 INFO 62547 [egg-schedule]: register schedule /Users/zhuxy/workspace/egg-example/node_modules/egg-logrotator/app/schedule/rotate_by_file.js
2018-08-19 23:38:38,681 INFO 62547 [egg-static] starting static serve /public/ -> /Users/zhuxy/workspace/egg-example/app/public
2018-08-19 23:38:38,684 INFO 62547 [egg-security] use csrf middleware
2018-08-19 23:38:38,685 INFO 62547 [egg-security] use methodnoallow middleware
2018-08-19 23:38:38,685 INFO 62547 [egg-security] use noopen middleware
2018-08-19 23:38:38,686 INFO 62547 [egg-security] use nosniff middleware
2018-08-19 23:38:38,687 INFO 62547 [egg-security] use xssProtection middleware
2018-08-19 23:38:38,687 INFO 62547 [egg-security] use xframe middleware
2018-08-19 23:38:38,688 INFO 62547 [egg-security] use dta middleware
2018-08-19 23:38:38,688 INFO 62547 [egg-security] compose 7 middlewares into one security middleware
2018-08-19 23:38:38,698 INFO 62547 [egg:core] dump config after load, 5ms
2018-08-19 23:38:38,714 INFO 62547 [egg-watcher:app] watcher start success
2018-08-19 23:38:38,719 INFO 62547 [egg:core] dump config after ready, 3ms
2018-08-19 23:40:38,032 INFO 62551 [egg:logger] init all loggers with options: {"dir":"/Users/zhuxy/workspace/egg-example/logs/egg-example","encoding":"utf8","env":"local","level":"INFO","consoleLevel":"INFO","disableConsoleAfterReady":false,"outputJSON":false,"buffer":true,"appLogName":"egg-example-web.log","coreLogName":"egg-web.log","agentLogName":"egg-agent.log","errorLogName":"common-error.log","coreLogger":{"consoleLevel":"WARN"},"allowDebugAtProd":false,"type":"application"}
2018-08-19 23:40:38,074 INFO 62551 [egg-schedule]: register schedule /Users/zhuxy/workspace/egg-example/node_modules/egg-logrotator/app/schedule/clean_log.js
2018-08-19 23:40:38,074 INFO 62551 [egg-schedule]: register schedule /Users/zhuxy/workspace/egg-example/node_modules/egg-logrotator/app/schedule/rotate_by_file.js
2018-08-19 23:40:38,154 INFO 62551 [egg-static] starting static serve /public/ -> /Users/zhuxy/workspace/egg-example/app/public
2018-08-19 23:40:38,156 INFO 62551 [egg-security] use csrf middleware
2018-08-19 23:40:38,158 INFO 62551 [egg-security] use methodnoallow middleware
2018-08-19 23:40:38,160 INFO 62551 [egg-security] use noopen middleware
2018-08-19 23:40:38,162 INFO 62551 [egg-security] use nosniff middleware
2018-08-19 23:40:38,163 INFO 62551 [egg-security] use xssProtection middleware
2018-08-19 23:40:38,164 INFO 62551 [egg-security] use xframe middleware
2018-08-19 23:40:38,164 INFO 62551 [egg-security] use dta middleware
2018-08-19 23:40:38,164 INFO 62551 [egg-security] compose 7 middlewares into one security middleware
2018-08-19 23:40:38,178 INFO 62551 [egg:core] dump config after load, 8ms
2018-08-19 23:40:38,193 INFO 62551 [egg-watcher:app] watcher start success
2018-08-19 23:40:38,200 INFO 62551 [egg:core] dump config after ready, 4ms
2018-08-19 23:40:48,873 INFO 62551 [egg-view-nunjucks] loading templates from ["/Users/zhuxy/workspace/egg-example/app/view"]
2018-08-19 23:41:11,681 INFO 62556 [egg:logger] init all loggers with options: {"dir":"/Users/zhuxy/workspace/egg-example/logs/egg-example","encoding":"utf8","env":"local","level":"INFO","consoleLevel":"INFO","disableConsoleAfterReady":false,"outputJSON":false,"buffer":true,"appLogName":"egg-example-web.log","coreLogName":"egg-web.log","agentLogName":"egg-agent.log","errorLogName":"common-error.log","coreLogger":{"consoleLevel":"WARN"},"allowDebugAtProd":false,"type":"application"}
2018-08-19 23:41:11,726 INFO 62556 [egg-schedule]: register schedule /Users/zhuxy/workspace/egg-example/node_modules/egg-logrotator/app/schedule/clean_log.js
2018-08-19 23:41:11,726 INFO 62556 [egg-schedule]: register schedule /Users/zhuxy/workspace/egg-example/node_modules/egg-logrotator/app/schedule/rotate_by_file.js
2018-08-19 23:41:11,797 INFO 62556 [egg-static] starting static serve /public/ -> /Users/zhuxy/workspace/egg-example/app/public
2018-08-19 23:41:11,800 INFO 62556 [egg-security] use csrf middleware
2018-08-19 23:41:11,801 INFO 62556 [egg-security] use methodnoallow middleware
2018-08-19 23:41:11,801 INFO 62556 [egg-security] use noopen middleware
2018-08-19 23:41:11,802 INFO 62556 [egg-security] use nosniff middleware
2018-08-19 23:41:11,803 INFO 62556 [egg-security] use xssProtection middleware
2018-08-19 23:41:11,804 INFO 62556 [egg-security] use xframe middleware
2018-08-19 23:41:11,805 INFO 62556 [egg-security] use dta middleware
2018-08-19 23:41:11,805 INFO 62556 [egg-security] compose 7 middlewares into one security middleware
2018-08-19 23:41:11,816 INFO 62556 [egg:core] dump config after load, 5ms
2018-08-19 23:41:11,829 INFO 62556 [egg-watcher:app] watcher start success
2018-08-19 23:41:11,835 INFO 62556 [egg:core] dump config after ready, 4ms
2018-08-19 23:41:17,227 INFO 62558 [egg:logger] init all loggers with options: {"dir":"/Users/zhuxy/workspace/egg-example/logs/egg-example","encoding":"utf8","env":"local","level":"INFO","consoleLevel":"INFO","disableConsoleAfterReady":false,"outputJSON":false,"buffer":true,"appLogName":"egg-example-web.log","coreLogName":"egg-web.log","agentLogName":"egg-agent.log","errorLogName":"common-error.log","coreLogger":{"consoleLevel":"WARN"},"allowDebugAtProd":false,"type":"application"}
2018-08-19 23:41:17,259 INFO 62558 [egg-schedule]: register schedule /Users/zhuxy/workspace/egg-example/node_modules/egg-logrotator/app/schedule/clean_log.js
2018-08-19 23:41:17,259 INFO 62558 [egg-schedule]: register schedule /Users/zhuxy/workspace/egg-example/node_modules/egg-logrotator/app/schedule/rotate_by_file.js
2018-08-19 23:41:17,290 INFO 62558 [egg-static] starting static serve /public/ -> /Users/zhuxy/workspace/egg-example/app/public
2018-08-19 23:41:17,292 INFO 62558 [egg-security] use csrf middleware
2018-08-19 23:41:17,293 INFO 62558 [egg-security] use methodnoallow middleware
2018-08-19 23:41:17,293 INFO 62558 [egg-security] use noopen middleware
2018-08-19 23:41:17,293 INFO 62558 [egg-security] use nosniff middleware
2018-08-19 23:41:17,294 INFO 62558 [egg-security] use xssProtection middleware
2018-08-19 23:41:17,294 INFO 62558 [egg-security] use xframe middleware
2018-08-19 23:41:17,294 INFO 62558 [egg-security] use dta middleware
2018-08-19 23:41:17,294 INFO 62558 [egg-security] compose 7 middlewares into one security middleware
2018-08-19 23:41:17,305 INFO 62558 [egg:core] dump config after load, 7ms
2018-08-19 23:41:17,316 INFO 62558 [egg-watcher:app] watcher start success
2018-08-19 23:41:17,321 INFO 62558 [egg:core] dump config after ready, 3ms
2018-08-19 23:41:19,340 INFO 62558 [egg-view-nunjucks] loading templates from ["/Users/zhuxy/workspace/egg-example/app/view"]
2018-08-19 23:41:45,228 INFO 62561 [egg:logger] init all loggers with options: {"dir":"/Users/zhuxy/workspace/egg-example/logs/egg-example","encoding":"utf8","env":"local","level":"INFO","consoleLevel":"INFO","disableConsoleAfterReady":false,"outputJSON":false,"buffer":true,"appLogName":"egg-example-web.log","coreLogName":"egg-web.log","agentLogName":"egg-agent.log","errorLogName":"common-error.log","coreLogger":{"consoleLevel":"WARN"},"allowDebugAtProd":false,"type":"application"}
2018-08-19 23:41:45,260 INFO 62561 [egg-schedule]: register schedule /Users/zhuxy/workspace/egg-example/node_modules/egg-logrotator/app/schedule/clean_log.js
2018-08-19 23:41:45,260 INFO 62561 [egg-schedule]: register schedule /Users/zhuxy/workspace/egg-example/node_modules/egg-logrotator/app/schedule/rotate_by_file.js
2018-08-19 23:41:45,291 INFO 62561 [egg-static] starting static serve /public/ -> /Users/zhuxy/workspace/egg-example/app/public
2018-08-19 23:41:45,293 INFO 62561 [egg-security] use csrf middleware
2018-08-19 23:41:45,293 INFO 62561 [egg-security] use methodnoallow middleware
2018-08-19 23:41:45,294 INFO 62561 [egg-security] use noopen middleware
2018-08-19 23:41:45,294 INFO 62561 [egg-security] use nosniff middleware
2018-08-19 23:41:45,294 INFO 62561 [egg-security] use xssProtection middleware
2018-08-19 23:41:45,295 INFO 62561 [egg-security] use xframe middleware
2018-08-19 23:41:45,295 INFO 62561 [egg-security] use dta middleware
2018-08-19 23:41:45,295 INFO 62561 [egg-security] compose 7 middlewares into one security middleware
2018-08-19 23:41:45,303 INFO 62561 [egg:core] dump config after load, 5ms
2018-08-19 23:41:45,313 INFO 62561 [egg-watcher:app] watcher start success
2018-08-19 23:41:45,318 INFO 62561 [egg:core] dump config after ready, 3ms
2018-08-19 23:43:50,646 INFO 62569 [egg:logger] init all loggers with options: {"dir":"/Users/zhuxy/workspace/egg-example/logs/egg-example","encoding":"utf8","env":"local","level":"INFO","consoleLevel":"INFO","disableConsoleAfterReady":false,"outputJSON":false,"buffer":true,"appLogName":"egg-example-web.log","coreLogName":"egg-web.log","agentLogName":"egg-agent.log","errorLogName":"common-error.log","coreLogger":{"consoleLevel":"WARN"},"allowDebugAtProd":false,"type":"application"}
2018-08-19 23:43:50,689 INFO 62569 [egg-schedule]: register schedule /Users/zhuxy/workspace/egg-example/node_modules/egg-logrotator/app/schedule/clean_log.js
2018-08-19 23:43:50,689 INFO 62569 [egg-schedule]: register schedule /Users/zhuxy/workspace/egg-example/node_modules/egg-logrotator/app/schedule/rotate_by_file.js
2018-08-19 23:43:50,757 INFO 62569 [egg-static] starting static serve /public/ -> /Users/zhuxy/workspace/egg-example/app/public
2018-08-19 23:43:50,759 INFO 62569 [egg-security] use csrf middleware
2018-08-19 23:43:50,761 INFO 62569 [egg-security] use methodnoallow middleware
2018-08-19 23:43:50,761 INFO 62569 [egg-security] use noopen middleware
2018-08-19 23:43:50,762 INFO 62569 [egg-security] use nosniff middleware
2018-08-19 23:43:50,763 INFO 62569 [egg-security] use xssProtection middleware
2018-08-19 23:43:50,764 INFO 62569 [egg-security] use xframe middleware
2018-08-19 23:43:50,764 INFO 62569 [egg-security] use dta middleware
2018-08-19 23:43:50,764 INFO 62569 [egg-security] compose 7 middlewares into one security middleware
2018-08-19 23:43:50,778 INFO 62569 [egg:core] dump config after load, 8ms
2018-08-19 23:43:50,790 INFO 62569 [egg-watcher:app] watcher start success
2018-08-19 23:43:50,798 INFO 62569 [egg:core] dump config after ready, 7ms
2018-08-19 23:44:26,929 INFO 62572 [egg:logger] init all loggers with options: {"dir":"/Users/zhuxy/workspace/egg-example/logs/egg-example","encoding":"utf8","env":"local","level":"INFO","consoleLevel":"INFO","disableConsoleAfterReady":false,"outputJSON":false,"buffer":true,"appLogName":"egg-example-web.log","coreLogName":"egg-web.log","agentLogName":"egg-agent.log","errorLogName":"common-error.log","coreLogger":{"consoleLevel":"WARN"},"allowDebugAtProd":false,"type":"application"}
2018-08-19 23:44:26,962 INFO 62572 [egg-schedule]: register schedule /Users/zhuxy/workspace/egg-example/node_modules/egg-logrotator/app/schedule/clean_log.js
2018-08-19 23:44:26,962 INFO 62572 [egg-schedule]: register schedule /Users/zhuxy/workspace/egg-example/node_modules/egg-logrotator/app/schedule/rotate_by_file.js
2018-08-19 23:44:26,993 INFO 62572 [egg-static] starting static serve /public/ -> /Users/zhuxy/workspace/egg-example/app/public
2018-08-19 23:44:26,995 INFO 62572 [egg-security] use csrf middleware
2018-08-19 23:44:26,995 INFO 62572 [egg-security] use methodnoallow middleware
2018-08-19 23:44:26,996 INFO 62572 [egg-security] use noopen middleware
2018-08-19 23:44:26,996 INFO 62572 [egg-security] use nosniff middleware
2018-08-19 23:44:26,996 INFO 62572 [egg-security] use xssProtection middleware
2018-08-19 23:44:26,997 INFO 62572 [egg-security] use xframe middleware
2018-08-19 23:44:26,997 INFO 62572 [egg-security] use dta middleware
2018-08-19 23:44:26,997 INFO 62572 [egg-security] compose 7 middlewares into one security middleware
2018-08-19 23:44:27,008 INFO 62572 [egg:core] dump config after load, 5ms
2018-08-19 23:44:27,023 INFO 62572 [egg-watcher:app] watcher start success
2018-08-19 23:44:27,028 INFO 62572 [egg:core] dump config after ready, 4ms
2018-08-19 23:44:42,900 INFO 62573 [egg:logger] init all loggers with options: {"dir":"/Users/zhuxy/workspace/egg-example/logs/egg-example","encoding":"utf8","env":"local","level":"INFO","consoleLevel":"INFO","disableConsoleAfterReady":false,"outputJSON":false,"buffer":true,"appLogName":"egg-example-web.log","coreLogName":"egg-web.log","agentLogName":"egg-agent.log","errorLogName":"common-error.log","coreLogger":{"consoleLevel":"WARN"},"allowDebugAtProd":false,"type":"application"}
2018-08-19 23:44:42,939 INFO 62573 [egg-schedule]: register schedule /Users/zhuxy/workspace/egg-example/node_modules/egg-logrotator/app/schedule/clean_log.js
2018-08-19 23:44:42,939 INFO 62573 [egg-schedule]: register schedule /Users/zhuxy/workspace/egg-example/node_modules/egg-logrotator/app/schedule/rotate_by_file.js
2018-08-19 23:44:42,975 INFO 62573 [egg-static] starting static serve /public/ -> /Users/zhuxy/workspace/egg-example/app/public
2018-08-19 23:44:42,976 INFO 62573 [egg-security] use csrf middleware
2018-08-19 23:44:42,977 INFO 62573 [egg-security] use methodnoallow middleware
2018-08-19 23:44:42,978 INFO 62573 [egg-security] use noopen middleware
2018-08-19 23:44:42,978 INFO 62573 [egg-security] use nosniff middleware
2018-08-19 23:44:42,978 INFO 62573 [egg-security] use xssProtection middleware
2018-08-19 23:44:42,979 INFO 62573 [egg-security] use xframe middleware
2018-08-19 23:44:42,979 INFO 62573 [egg-security] use dta middleware
2018-08-19 23:44:42,979 INFO 62573 [egg-security] compose 7 middlewares into one security middleware
2018-08-19 23:44:42,989 INFO 62573 [egg:core] dump config after load, 6ms
2018-08-19 23:44:43,002 INFO 62573 [egg-watcher:app] watcher start success
2018-08-19 23:44:43,007 INFO 62573 [egg:core] dump config after ready, 4ms
2018-08-19 23:44:46,349 INFO 62573 [egg-view-nunjucks] loading templates from ["/Users/zhuxy/workspace/egg-example/app/view"]
